1640889948213	geckodriver	INFO	Listening on 127.0.0.1:49905
1640889951341	mozrunner::runner	INFO	Running command: "C:\\Program Files\\Mozilla Firefox\\firefox.exe" "--marionette" "--remote-debugging-port" "49906" "-no-remote" "-profile" "C:\\Users\\Xxmoz\\AppData\\Local\\Temp\\rust_mozprofileX7YYl0"
1640889951972	Marionette	INFO	Marionette enabled
console.warn: SearchSettings: "get: No settings file exists, new profile?" (new NotFoundError("Could not open the file at C:\\Users\\Xxmoz\\AppData\\Local\\Temp\\rust_mozprofileX7YYl0\\search.json.mozlz4", (void 0)))
DevTools listening on ws://localhost:49906/devtools/browser/c452afb7-5ebb-4e8d-ad39-5b742ea2fad8
1640889955075	Marionette	INFO	Listening on port 49911
1640889955198	RemoteAgent	WARN	TLS certificate errors will be ignored for this session
JavaScript error: , line 0: NS_ERROR_FAILURE
1640890016776	Marionette	INFO	Stopped listening on port 49911
console.warn: TopSitesFeed: Failed to fetch data from Contile server: NetworkError when attempting to fetch resource.
console.error: QuickSuggest: (new Error("Shutdown, aborting read-only worker requests.", "resource://services-settings/RemoteSettingsWorker.jsm", 143))
1640891020989	geckodriver	INFO	Listening on 127.0.0.1:61108
1640891024068	mozrunner::runner	INFO	Running command: "C:\\Program Files\\Mozilla Firefox\\firefox.exe" "--marionette" "--remote-debugging-port" "61109" "-no-remote" "-profile" "C:\\Users\\Xxmoz\\AppData\\Local\\Temp\\rust_mozprofileflnonv"
1640891024441	Marionette	INFO	Marionette enabled
console.warn: SearchSettings: "get: No settings file exists, new profile?" (new NotFoundError("Could not open the file at C:\\Users\\Xxmoz\\AppData\\Local\\Temp\\rust_mozprofileflnonv\\search.json.mozlz4", (void 0)))
DevTools listening on ws://localhost:61109/devtools/browser/aed713f9-d5e0-4b13-8846-852247856282
1640891027454	Marionette	INFO	Listening on port 61115
1640891027772	RemoteAgent	WARN	TLS certificate errors will be ignored for this session
1640891044986	Marionette	INFO	Stopped listening on port 61115
console.warn: TopSitesFeed: Failed to fetch data from Contile server: NetworkError when attempting to fetch resource.
JavaScript error: resource://gre/modules/AsyncShutdown.jsm, line 575: NS_ERROR_FAILURE
