1640690985029	geckodriver	INFO	Listening on 127.0.0.1:51498
1640690988120	mozrunner::runner	INFO	Running command: "C:\\Program Files\\Mozilla Firefox\\firefox.exe" "--marionette" "--remote-debugging-port" "51499" "-no-remote" "-profile" "C:\\Users\\Xxmoz\\AppData\\Local\\Temp\\rust_mozprofilenOhm0b"
1640690988556	Marionette	INFO	Marionette enabled
console.warn: SearchSettings: "get: No settings file exists, new profile?" (new NotFoundError("Could not open the file at C:\\Users\\Xxmoz\\AppData\\Local\\Temp\\rust_mozprofilenOhm0b\\search.json.mozlz4", (void 0)))
DevTools listening on ws://localhost:51499/devtools/browser/0b1326ac-75a0-41bf-b377-cc45c7740dde
1640690991632	Marionette	INFO	Listening on port 51504
1640690991861	RemoteAgent	WARN	TLS certificate errors will be ignored for this session
1640691032962	Marionette	INFO	Stopped listening on port 51504
console.warn: TopSitesFeed: Failed to fetch data from Contile server: NetworkError when attempting to fetch resource.
JavaScript error: resource://gre/modules/AsyncShutdown.jsm, line 575: NS_ERROR_FAILURE
1640691037036	geckodriver	INFO	Listening on 127.0.0.1:51586
1640691040109	mozrunner::runner	INFO	Running command: "C:\\Program Files\\Mozilla Firefox\\firefox.exe" "--marionette" "--remote-debugging-port" "51587" "-no-remote" "-profile" "C:\\Users\\Xxmoz\\AppData\\Local\\Temp\\rust_mozprofile7U3KNC"
1640691040481	Marionette	INFO	Marionette enabled
console.warn: SearchSettings: "get: No settings file exists, new profile?" (new NotFoundError("Could not open the file at C:\\Users\\Xxmoz\\AppData\\Local\\Temp\\rust_mozprofile7U3KNC\\search.json.mozlz4", (void 0)))
DevTools listening on ws://localhost:51587/devtools/browser/80010900-3e37-4b7a-9f31-7387616bea3f
1640691043562	Marionette	INFO	Listening on port 51592
1640691043802	RemoteAgent	WARN	TLS certificate errors will be ignored for this session
1640691090680	Marionette	INFO	Stopped listening on port 51592
console.warn: TopSitesFeed: Failed to fetch data from Contile server: NetworkError when attempting to fetch resource.
JavaScript error: resource://gre/modules/AsyncShutdown.jsm, line 575: NS_ERROR_FAILURE
1640691093143	geckodriver	INFO	Listening on 127.0.0.1:51694
1640691096200	mozrunner::runner	INFO	Running command: "C:\\Program Files\\Mozilla Firefox\\firefox.exe" "--marionette" "--remote-debugging-port" "51695" "-no-remote" "-profile" "C:\\Users\\Xxmoz\\AppData\\Local\\Temp\\rust_mozprofileFo6lKZ"
1640691096582	Marionette	INFO	Marionette enabled
console.warn: SearchSettings: "get: No settings file exists, new profile?" (new NotFoundError("Could not open the file at C:\\Users\\Xxmoz\\AppData\\Local\\Temp\\rust_mozprofileFo6lKZ\\search.json.mozlz4", (void 0)))
DevTools listening on ws://localhost:51695/devtools/browser/264bad69-f986-48f4-9f5b-04fb54efda9b
1640691099561	Marionette	INFO	Listening on port 51701
1640691099895	RemoteAgent	WARN	TLS certificate errors will be ignored for this session
JavaScript error: , line 0: NS_ERROR_FAILURE
1640691170414	Marionette	INFO	Stopped listening on port 51701
console.warn: TopSitesFeed: Failed to fetch data from Contile server: NetworkError when attempting to fetch resource.

###!!! [Parent][MessageChannel] Error: (msgtype=0x39007A,name=PContent::Msg_DestroyBrowsingContextGroup) Closed channel: cannot send/recv

1640890143197	geckodriver	INFO	Listening on 127.0.0.1:57144
1640890146270	mozrunner::runner	INFO	Running command: "C:\\Program Files\\Mozilla Firefox\\firefox.exe" "--marionette" "--remote-debugging-port" "57145" "-no-remote" "-profile" "C:\\Users\\Xxmoz\\AppData\\Local\\Temp\\rust_mozprofileuaxsw2"
1640890146690	Marionette	INFO	Marionette enabled
console.warn: SearchSettings: "get: No settings file exists, new profile?" (new NotFoundError("Could not open the file at C:\\Users\\Xxmoz\\AppData\\Local\\Temp\\rust_mozprofileuaxsw2\\search.json.mozlz4", (void 0)))
DevTools listening on ws://localhost:57145/devtools/browser/d1d6ac97-ef08-4e1d-a255-6e6adcce89ee
1640890149516	Marionette	INFO	Listening on port 57150
1640890149971	RemoteAgent	WARN	TLS certificate errors will be ignored for this session
JavaScript error: , line 0: NS_ERROR_FAILURE
console.log: WebExtensions: reset-default-search: starting.
console.log: WebExtensions: reset-default-search: No addons in our list are installed.
1640891509247	Marionette	INFO	Stopped listening on port 57150
console.warn: TopSitesFeed: Failed to fetch data from Contile server: NetworkError when attempting to fetch resource.

###!!! [Parent][RunMessage] Error: Channel closing: too late to send/recv, messages will be lost

ers\\Xxmoz\\AppData\\Local\\Temp\\rust_mozprofile1itoyn\\search.json.mozlz4", (void 0)))
DevTools listening on ws://localhost:57238/devtools/browser/774246d4-1dc7-494d-a5d0-4a0cc8c54dad
1640890168301	Marionette	INFO	Listening on port 57253
1640890168529	RemoteAgent	WARN	TLS certificate errors will be ignored for this session
console.warn: TopSitesFeed: Failed to fetch data from Contile server: NetworkError when attempting to fetch resource.
JavaScript error: , line 0: NS_ERROR_FAILURE
console.error: services.settings: 
  main/quicksuggest Signature failed  TypeError: NetworkError: Network request failed
1640890506694	Marionette	INFO	Stopped listening on port 57253
console.warn: TopSitesFeed: Failed to fetch data from Contile server: NetworkError when attempting to fetch resource.

###!!! [Parent][RunMessage] Error: Channel closing: too late to send/recv, messages will be lost

1640890517872	geckodriver	INFO	Listening on 127.0.0.1:57403
1640890520918	mozrunner::runner	INFO	Running command: "C:\\Program Files\\Mozilla Firefox\\firefox.exe" "--marionette" "--remote-debugging-port" "57404" "-no-remote" "-profile" "C:\\Users\\Xxmoz\\AppData\\Local\\Temp\\rust_mozprofile4JB7ZR"
1640890521324	Marionette	INFO	Marionette enabled
console.warn: SearchSettings: "get: No settings file exists, new profile?" (new NotFoundError("Could not open the file at C:\\Users\\Xxmoz\\AppData\\Local\\Temp\\rust_mozprofile4JB7ZR\\search.json.mozlz4", (void 0)))
DevTools listening on ws://localhost:57404/devtools/browser/fb17bf9b-d705-453a-bad2-5d8c3fc023dc
1640890524314	Marionette	INFO	Listening on port 57409
1640890524626	RemoteAgent	WARN	TLS certificate errors will be ignored for this session
JavaScript error: , line 0: NS_ERROR_FAILURE
1640890682642	Marionette	INFO	Stopped listening on port 57409
console.warn: TopSitesFeed: Failed to fetch data from Contile server: NetworkError when attempting to fetch resource.

###!!! [Parent][RunMessage] Error: Channel closing: too late to send/recv, messages will be lost

1640890689737	geckodriver	INFO	Listening on 127.0.0.1:57521
1640890692812	mozrunner::runner	INFO	Running command: "C:\\Program Files\\Mozilla Firefox\\firefox.exe" "--marionette" "--remote-debugging-port" "57522" "-no-remote" "-profile" "C:\\Users\\Xxmoz\\AppData\\Local\\Temp\\rust_mozprofileoRJhyT"
1640890693212	Marionette	INFO	Marionette enabled
console.warn: SearchSettings: "get: No settings file exists, new profile?" (new NotFoundError("Could not open the file at C:\\Users\\Xxmoz\\AppData\\Local\\Temp\\rust_mozprofileoRJhyT\\search.json.mozlz4", (void 0)))
DevTools listening on ws://localhost:57522/devtools/browser/949e0ee1-c0ae-46d7-9159-06e250b82779
1640890696135	Marionette	INFO	Listening on port 57527
1640890696499	RemoteAgent	WARN	TLS certificate errors will be ignored for this session
JavaScript error: , line 0: NS_ERROR_FAILURE
1640890799015	Marionette	INFO	Stopped listening on port 57527
console.warn: TopSitesFeed: Failed to fetch data from Contile server: NetworkError when attempting to fetch resource.

###!!! [Parent][RunMessage] Error: Channel closing: too late to send/recv, messages will be lost

1641038582527	geckodriver	INFO	Listening on 127.0.0.1:64567
1641038585663	mozrunner::runner	INFO	Running command: "C:\\Program Files\\Mozilla Firefox\\firefox.exe" "--marionette" "--remote-debugging-port" "64568" "-no-remote" "-profile" "C:\\Users\\Xxmoz\\AppData\\Local\\Temp\\rust_mozprofile9j4vHx"
1641038586732	Marionette	INFO	Marionette enabled
console.warn: SearchSettings: "get: No settings file exists, new profile?" (new NotFoundError("Could not open the file at C:\\Users\\Xxmoz\\AppData\\Local\\Temp\\rust_mozprofile9j4vHx\\search.json.mozlz4", (void 0)))
DevTools listening on ws://localhost:64568/devtools/browser/bcc28eb5-d635-4180-b9bd-e2e59fbc7e19
1641038594077	Marionette	INFO	Listening on port 64573
1641038594540	RemoteAgent	WARN	TLS certificate errors will be ignored for this session
JavaScript error: , line 0: NS_ERROR_FAILURE
1641038711158	Marionette	INFO	Stopped listening on port 64573
console.warn: TopSitesFeed: Failed to fetch data from Contile server: NetworkError when attempting to fetch resource.
1641038718475	geckodriver	INFO	Listening on 127.0.0.1:64668
1641038721578	mozrunner::runner	INFO	Running command: "C:\\Program Files\\Mozilla Firefox\\firefox.exe" "--marionette" "--remote-debugging-port" "64669" "-no-remote" "-profile" "C:\\Users\\Xxmoz\\AppData\\Local\\Temp\\rust_mozprofilebfJIVq"
1641038722419	Marionette	INFO	Marionette enabled
console.warn: SearchSettings: "get: No settings file exists, new profile?" (new NotFoundError("Could not open the file at C:\\Users\\Xxmoz\\AppData\\Local\\Temp\\rust_mozprofilebfJIVq\\search.json.mozlz4", (void 0)))
DevTools listening on ws://localhost:64669/devtools/browser/27983399-061f-4745-854f-3b8ed7231645
1641038728345	Marionette	INFO	Listening on port 64674
1641038728498	RemoteAgent	WARN	TLS certificate errors will be ignored for this session
1641038764347	Marionette	INFO	Stopped listening on port 64674
console.warn: TopSitesFeed: Failed to fetch data from Contile server: NetworkError when attempting to fetch resource.
JavaScript error: resource://gre/modules/AsyncShutdown.jsm, line 575: NS_ERROR_FAILURE
1641038769679	geckodriver	INFO	Listening on 127.0.0.1:64755
1641038772772	mozrunner::runner	INFO	Running command: "C:\\Program Files\\Mozilla Firefox\\firefox.exe" "--marionette" "--remote-debugging-port" "64756" "-no-remote" "-profile" "C:\\Users\\Xxmoz\\AppData\\Local\\Temp\\rust_mozprofile8JxemG"
1641038773599	Marionette	INFO	Marionette enabled
console.warn: SearchSettings: "get: No settings file exists, new profile?" (new NotFoundError("Could not open the file at C:\\Users\\Xxmoz\\AppData\\Local\\Temp\\rust_mozprofile8JxemG\\search.json.mozlz4", (void 0)))
DevTools listening on ws://localhost:64756/devtools/browser/d93552b1-3cdd-4190-a0c9-833627624e06
1641038779030	Marionette	INFO	Listening on port 64761
1641038779302	RemoteAgent	WARN	TLS certificate errors will be ignored for this session
1641038829466	Marionette	INFO	Stopped listening on port 64761
console.warn: TopSitesFeed: Failed to fetch data from Contile server: NetworkError when attempting to fetch resource.
JavaScript error: resource://gre/modules/AsyncShutdown.jsm, line 575: NS_ERROR_FAILURE
JavaScript error: resource://gre/modules/CrashManager.jsm, line 828: AbortError: IOUtils: Shutting down and refusing additional I/O tasks
1641275887229	geckodriver	INFO	Listening on 127.0.0.1:49815
1641275890333	mozrunner::runner	INFO	Running command: "C:\\Program Files\\Mozilla Firefox\\firefox.exe" "--marionette" "--remote-debugging-port" "49816" "-no-remote" "-profile" "C:\\Users\\Xxmoz\\AppData\\Local\\Temp\\rust_mozprofile3EH5AR"
1641275891031	Marionette	INFO	Marionette enabled
console.warn: SearchSettings: "get: No settings file exists, new profile?" (new NotFoundError("Could not open the file at C:\\Users\\Xxmoz\\AppData\\Local\\Temp\\rust_mozprofile3EH5AR\\search.json.mozlz4", (void 0)))
DevTools listening on ws://localhost:49816/devtools/browser/1e03dd08-e616-49f2-9904-604b7c231a54
1641275895854	Marionette	INFO	Listening on port 49821
1641275896242	RemoteAgent	WARN	TLS certificate errors will be ignored for this session
JavaScript error: , line 0: NS_ERROR_FAILURE
1641275977636	Marionette	INFO	Stopped listening on port 49821
console.warn: TopSitesFeed: Failed to fetch data from Contile server: NetworkError when attempting to fetch resource.
1641275982280	geckodriver	INFO	Listening on 127.0.0.1:49939
1641275985367	mozrunner::runner	INFO	Running command: "C:\\Program Files\\Mozilla Firefox\\firefox.exe" "--marionette" "--remote-debugging-port" "49940" "-no-remote" "-profile" "C:\\Users\\Xxmoz\\AppData\\Local\\Temp\\rust_mozprofileruQM2w"
1641275986109	Marionette	INFO	Marionette enabled
console.warn: SearchSettings: "get: No settings file exists, new profile?" (new NotFoundError("Could not open the file at C:\\Users\\Xxmoz\\AppData\\Local\\Temp\\rust_mozprofileruQM2w\\search.json.mozlz4", (void 0)))
DevTools listening on ws://localhost:49940/devtools/browser/28007fcd-e1ca-4c2c-b426-adc045c15089
1641275991682	Marionette	INFO	Listening on port 49945
1641275991859	RemoteAgent	WARN	TLS certificate errors will be ignored for this session
JavaScript error: , line 0: NS_ERROR_FAILURE
console.log: WebExtensions: reset-default-search: starting.
console.log: WebExtensions: reset-default-search: No addons in our list are installed.
1641277196675	Marionette	INFO	Stopped listening on port 49945
console.warn: TopSitesFeed: Failed to fetch data from Contile server: NetworkError when attempting to fetch resource.
1641277203000	geckodriver	INFO	Listening on 127.0.0.1:59316
1641277206093	mozrunner::runner	INFO	Running command: "C:\\Program Files\\Mozilla Firefox\\firefox.exe" "--marionette" "--remote-debugging-port" "59317" "-no-remote" "-profile" "C:\\Users\\Xxmoz\\AppData\\Local\\Temp\\rust_mozprofilebXUxJr"
1641277206758	Marionette	INFO	Marionette enabled
console.warn: SearchSettings: "get: No settings file exists, new profile?" (new NotFoundError("Could not open the file at C:\\Users\\Xxmoz\\AppData\\Local\\Temp\\rust_mozprofilebXUxJr\\search.json.mozlz4", (void 0)))
DevTools listening on ws://localhost:59317/devtools/browser/20114b36-2d86-44f8-a573-386596e46c8b
1641277211928	Marionette	INFO	Listening on port 59322
1641277211996	RemoteAgent	WARN	TLS certificate errors will be ignored for this session
JavaScript error: , line 0: NS_ERROR_FAILURE
1641277604658	Marionette	INFO	Stopped listening on port 59322
console.warn: TopSitesFeed: Failed to fetch data from Contile server: NetworkError when attempting to fetch resource.
console.error: services.settings: 
  Message: Error: IndexedDB: main/fxmonitor-breaches list() IndexedDB:  execute() The application is shutting down
  Stack:
    IndexedDBError@resource://services-settings/IDBHelpers.jsm:22:15
ShutdownError@resource://services-settings/IDBHelpers.jsm:32:5
executeIDB@resource://services-settings/Database.jsm:354:13
list@resource://services-settings/Database.jsm:36:13
_importChanges@resource://services-settings/RemoteSettingsClient.jsm:954:36
observe@resource://gre/modules/AsyncShutdown.jsm:575:16

console.warn: services.settings: main/search-telemetry sync interrupted by shutdown
1642906961718	geckodriver	INFO	Listening on 127.0.0.1:55516
1642906964802	mozrunner::runner	INFO	Running command: "C:\\Program Files\\Mozilla Firefox\\firefox.exe" "--marionette" "--remote-debugging-port" "55517" "-no-remote" "-profile" "C:\\Users\\Xxmoz\\AppData\\Local\\Temp\\rust_mozprofile2CkViL"
1642906965271	Marionette	INFO	Marionette enabled
console.warn: SearchSettings: "get: No settings file exists, new profile?" (new NotFoundError("Could not open the file at C:\\Users\\Xxmoz\\AppData\\Local\\Temp\\rust_mozprofile2CkViL\\search.json.mozlz4", (void 0)))
DevTools listening on ws://localhost:55517/devtools/browser/d870b4d4-28b0-4c54-bb92-12b07325b515
1642906967093	Marionette	INFO	Listening on port 55527
1642906967514	RemoteAgent	WARN	TLS certificate errors will be ignored for this session
1642906981931	Marionette	INFO	Stopped listening on port 55527
console.warn: TopSitesFeed: Failed to fetch data from Contile server: NetworkError when attempting to fetch resource.
1643563634555	geckodriver	INFO	Listening on 127.0.0.1:60161
1643563637681	mozrunner::runner	INFO	Running command: "C:\\Program Files\\Mozilla Firefox\\firefox.exe" "--marionette" "--remote-debugging-port" "60166" "-no-remote" "-profile" "C:\\Users\\Xxmoz\\AppData\\Local\\Temp\\rust_mozprofileGD0EHr"
1643563637994	Marionette	INFO	Marionette enabled
console.warn: SearchSettings: "get: No settings file exists, new profile?" (new NotFoundError("Could not open the file at C:\\Users\\Xxmoz\\AppData\\Local\\Temp\\rust_mozprofileKnRrjS\\search.json.mozlz4", (void 0)))
DevTools listening on ws://localhost:60165/devtools/browser/c539a714-8a85-4760-a13a-dcc5b49776cd
1643563639989	Marionette	INFO	Listening on port 60180
1643563640395	RemoteAgent	WARN	TLS certificate errors will be ignored for this session
console.warn: LoginRecipes: "getRecipes: falling back to a synchronous message for:" "https://alternasec.formstack.com"
console.warn: LoginRecipes: "getRecipes: falling back to a synchronous message for:" "https://alternasec.formstack.com"
console.warn: LoginRecipes: "getRecipes: falling back to a synchronous message for:" "https://alternasec.formstack.com"
1643563716695	Marionette	INFO	Stopped listening on port 60180
console.warn: TopSitesFeed: Failed to fetch data from Contile server: NetworkError when attempting to fetch resource.

###!!! [Parent][RunMessage] Error: Channel closing: too late to send/recv, messages will be lost

[Parent 8620, IPC I/O Parent] WARNING: pipe error: 232: file /builds/worker/checkouts/gecko/ipc/chromium/src/chrome/common/ipc_channel_win.cc:565
s: "getRecipes: falling back to a synchronous message for:" "https://alternasec.formstack.com"
console.warn: LoginRecipes: "getRecipes: falling back to a synchronous message for:" "https://alternasec.formstack.com"
console.warn: LoginRecipes: "getRecipes: falling back to a synchronous message for:" "https://alternasec.formstack.com"
1643563698515	Marionette	INFO	Stopped listening on port 60181
console.warn: TopSitesFeed: Failed to fetch data from Contile server: NetworkError when attempting to fetch resource.

###!!! [Parent][RunMessage] Error: Channel closing: too late to send/recv, messages will be lost

1643626096465	geckodriver	INFO	Listening on 127.0.0.1:51589
1643626099565	mozrunner::runner	INFO	Running command: "C:\\P1643626100114	mozrunner::runner	INFO	Running command: "C:\\P1643626102298	mozrunner::runner	INFO	Running command: "C:\\Program Files\\Mozilla Firefox\\firefox.exe" "--marionette" "--remote-debugging-port" "51603" "-no-remote" "-profile" "C:\\Users\\Xxmoz\\AppData\\Local\\Temp\\rust_mozprofilezntcZ0"
1643626102550	Marionette	INFO	Marionette enabled
console.warn: SearchSettings: "get: No settings file exists, new profile?" (new NotFoundError("Could not open the file at C:\\Users\\Xxmoz\\AppData\\Local\\Temp\\rust_mozprofilezntcZ0\\search.json.mozlz4", (void 0)))
DevTools listening on ws://localhost:51603/devtools/browser/f8c9accc-c4a6-48fa-8b9d-1bbb05473c14
1643626104167	Marionettconsole.error: Region.jsm: "Error fetching region" (new Erroconsole.error: Region.jsm: "Error fetching region" (new Erroconsole.error: Region.jsm: "Error fetching region" (new Error("TIMEOUT", "resource://gre/modules/Region.jsm", 772))JavaScript error: https://static.formstack.com/forms/js/3/jquery-ui.min_42a497cb9f.js, line 6: ReferenceError: jQuery isconsole.warn: LoginRecipes: "getRecipes: falling back to a synchronous message for:" "https://alternasec.formstack.com"
console.warn: LoginRecipes: "getRecipes: falling back to a synchronous message for:" "https://alternasec.formstack.com"
console.warn: LoginRecipes: "getRecipes: falling back to a synchronous message for:" "https://alternasec.formstack.com"
1643626466706	Marionette	INFO	Stopped listening on port 51659
console.warn: TopSitesFeed: Failed to fetch data from Contile server: NetworkError when attempting to fetch resource.
ling back to a synchronous message for:" "https://alternasec.formstack.com"
console.warn: LoginRecipes: "getRecipes: falling back to a synchronous message for:" "https://alternasec.formstack.com"
console.warn: LoginRecipes: "getRecipes: falling back to a synchronous message for:" "https://alternasec.formstack.com"
1643626387286	Marionette	INFO	Stopped listening on port 51611
console.warn: TopSitesFeed: Failed to fetch data from Contile server: NetworkError when attempting to fetch resource.
te to send/recv, messages will be lost

1643702544318	geckodriver	INFO	Listening on 127.0.0.1:58306
1643702547443	mozrunner::runner	INFO	Running command: "C:\\Program Files\\Mozilla Firefox\\firefox.exe" "--marionette" "--remote-debugging-port" "58307" "-no-remote" "-profile" "C:\\Users\\Xxmoz\\AppData\\Local\\Temp\\rust_mozprofileJMRRnP"
1643702547727	Marionette	INFO	Marionette enabled
console.warn: SearchSettings: "get: No settings file exists, new profile?" (new NotFoundError("Could not open the file at C:\\Users\\Xxmoz\\AppData\\Local\\Temp\\rust_mozprofileJMRRnP\\search.json.mozlz4", (void 0)))
DevTools listening on ws://localhost:58307/devtools/browser/7323882b-2eea-4b75-ae34-d1ef9b96a9fd
1643702549379	Marionette	INFO	Listening on port 58313
1643702549509	RemoteAgent	WARN	TLS certificate errors will be ignored for this session
SourceActor threw an exception: [Exception... "Component returned failure code: 0x80470002 (NS_BASE_STREAM_CLOSED) [nsIInputStream.available]"  nsresult: "0x80470002 (NS_BASE_STREAM_CLOSED)"  location: "JS frame :: resource://devtools/shared/DevToolsUtils.js :: onResponse :: line 567"  data: no]
Stack: onResponse@resource://devtools/shared/DevToolsUtils.js:567:34
onStopRequest@resource://gre/modules/NetUtil.jsm:128:18
Line: 567, column: 0
console.error: ({})
JavaScript error: resource://devtools/shared/DevToolsUtils.js, line 567: NS_BASE_STREAM_CLOSED: Component returned failure code: 0x80470002 (NS_BASE_STREAM_CLOSED) [nsIInputStream.available]
console.warn: LoginRecipes: "getRecipes: falling back to a synchronous message for:" "https://discuss.codecademy.com"
console.warn: LoginRecipes: "getRecipes: falling back to a synchronous message for:" "https://discuss.codecademy.com"
JavaScript error: https://discuss.codecademy.com/t/can-i-display-the-month-name-instead-of-a-number/337967 line 468 > injectedScript, line 1: TypeError: Discourse.User.current() is null
console.warn: LoginRecipes: "getRecipes: falling back to a synchronous message for:" "https://discuss.codecademy.com"
console.warn: LoginRecipes: "getRecipes: falling back to a synchronous message for:" "https://discuss.codecademy.com"
console.warn: LoginRecipes: "getRecipes: falling back to a synchronous message for:" "https://discuss.codecademy.com"
JavaScript error: https://discuss.codecademy.com/t/can-i-display-the-month-name-instead-of-a-number/337967 line 468 > injectedScript, line 1: TypeError: Discourse.User.current() is null
console.warn: LoginRecipes: "getRecipes: falling back to a synchronous message for:" "https://discuss.codecademy.com"
console.warn: LoginRecipes: "getRecipes: falling back to a synchronous message for:" "https://tr.snapchat.com"
1643883934500	geckodriver	INFO	Listening on 127.0.0.1:49812
1643883937557	mozrunner::runner	INFO	Running command: "C:\\Program Files\\Mozilla Firefox\\firefox.exe" "--marionette" "--remote-debugging-port" "49813" "-no-remote" "-profile" "C:\\Users\\Xxmoz\\AppData\\Local\\Temp\\rust_mozprofileXtqiZD"
1643883937792	Marionette	INFO	Marionette enabled
console.warn: SearchSettings: "get: No settings file exists, new profile?" (new NotFoundError("Could not open the file at C:\\Users\\Xxmoz\\AppData\\Local\\Temp\\rust_mozprofileXtqiZD\\search.json.mozlz4", (void 0)))
DevTools listening on ws://localhost:49813/devtools/browser/bd87b85c-833e-4d73-83da-74f102706a3d
1643883939435	Marionette	INFO	Listening on port 49820
1643883939634	RemoteAgent	WARN	TLS certificate errors will be ignored for this session
1643883943718	Marionette	INFO	Stopped listening on port 49820
console.warn: TopSitesFeed: Failed to fetch data from Contile server: NetworkError when attempting to fetch resource.
JavaScript error: chrome://remote/content/marionette/cert.js, line 55: NS_ERROR_NOT_AVAILABLE: Component returned failure code: 0x80040111 (NS_ERROR_NOT_AVAILABLE) [nsICertOverrideService.setDisableAllSecurityChecksAndLetAttackersInterceptMyData]
console.error: QuickSuggest: (new Error("Shutdown, aborting read-only worker requests.", "resource://services-settings/RemoteSettingsWorker.jsm", 143))
1643979361432	geckodriver	INFO	Listening on 127.0.0.1:53776
1643979364565	mozrunner::runner	INFO	Running command: "C:\\P1643979365126	mozrunner::runner	INFO	Running command: "C:\\P1643979367180	mozrunner::runner	INFO	Running command: "C:\\Program Files\\Mozilla Firefox\\firefox.exe" "--marionette" "--remote-debugging-port" "53791" "-no-remote" "-profile" "C:\\Users\\Xxmoz\\AppData\\Local\\Temp\\rust_mozprofileJl0jQi"
1643979367440	Marionette	INFO	Marionette enabled
console.warn: SearchSettings: "get: No settings file exists, new profile?" (new NotFoundError("Could not open the file at C:\\Users\\Xxmoz\\AppData\\Local\\Temp\\rust_mozprofileJl0jQi\\search.json.mozlz4", (void 0)))
DevTools listening on ws://localhost:53791/devtools/browser/dd553fd2-5f7f-4136-84c1-a60def9b4e05
1643979369112	Marionettconsole.warn: LoginRecipes: "getRecipes: falling back to a sconsole.warn: LoginRecipes: "getRecipes: falling back to a synchronous message for:" "https://alternasec.formstack.com"
console.warn: LoginRecipes: "getRecipes: falling back to a synchronous message for:" "https://alternasec.formstack.com"
console.warn: LoginRecipes: "getRecipes: falling back to a synchronous message for:" "https://alternasec.formstack.com"
1643979423333	Marionette	INFO	Stopped listening on port 53799
console.warn: TopSitesFeed: Failed to fetch data from Contile server: NetworkError when attempting to fetch resource.
le server: NetworkError when attempting to fetch resource.
1644001820770	geckodriver	INFO	Listening on 127.0.0.1:50603
1644001823829	mozrunner::runner	INFO	Running command: "C:\\Program Files\\Mozilla Firefox\\firefox.exe" "--marionette" "--remote-debugging-port" "50604" "-no-remote" "-profile" "C:\\Users\\Xxmoz\\AppData\\Local\\Temp\\rust_mozprofileOlwaZf"
1644001824084	Marionette	INFO	Marionette enabled
console.warn: SearchSettings: "get: No settings file exists, new profile?" (new NotFoundError("Could not open the file at C:\\Users\\Xxmoz\\AppData\\Local\\Temp\\rust_mozprofileOlwaZf\\search.json.mozlz4", (void 0)))
DevTools listening on ws://localhost:50604/devtools/browser/ffff7802-517a-4cc2-816b-821f09f3df36
1644001825849	Marionette	INFO	Listening on port 50611
1644001825892	RemoteAgent	WARN	TLS certificate errors will be ignored for this session
console.error: Region.jsm: "Error fetching region" (new Error("TIMEOUT", "resource://gre/modules/Region.jsm", 772))
console.error: Region.jsm: "Failed to fetch region" (new Error("TIMEOUT", "resource://gre/modules/Region.jsm", 419))
JavaScript warning: https://pagead2.googlesyndication.com/bg/Ol8DAVooj0Rm15QbcMm2xe-FwsEsVu5ZVwbhFimW5pI.js line 1 > eval line 1041 > eval line 1 > eval line 1 > eval, line 1: WEBGL_debug_renderer_info is deprecated in Firefox and will be removed. Please use RENDERER.
JavaScript warning: https://pagead2.googlesyndication.com/bg/DhLxIvxe_zqkAVEA_yTUctP7nok4SIlUAmQRNhxnrsk.js line 1 > eval line 1729 > eval line 1 > eval line 1 > eval, line 1: WEBGL_debug_renderer_info is deprecated in Firefox and will be removed. Please use RENDERER.
JavaScript error: , line 0: uncaught exception: 7
JavaScript warning: https://pagead2.googlesyndication.com/bg/Ol8DAVooj0Rm15QbcMm2xe-FwsEsVu5ZVwbhFimW5pI.js line 1 > eval line 5351 > eval line 1 > eval line 1 > eval, line 1: WEBGL_debug_renderer_info is deprecated in Firefox and will be removed. Please use RENDERER.
JavaScript error: , line 0: NotFoundError: No such JSWindowActor 'DevToolsFrame'
JavaScript error: , line 0: TypeError: NetworkError when attempting to fetch resource.
JavaScript error: , line 0: TypeError: NetworkError when attempting to fetch resource.
JavaScript error: , line 0: TypeError: NetworkError when attempting to fetch resource.
JavaScript error: , line 0: TypeError: NetworkError when attempting to fetch resource.
JavaScript error: , line 0: TypeError: NetworkError when attempting to fetch resource.
1644003157907	Marionette	INFO	Stopped listening on port 50611
console.warn: TopSitesFeed: Failed to fetch data from Contile server: NetworkError when attempting to fetch resource.

###!!! [Parent][RunMessage] Error: Channel closing: too late to send/recv, messages will be lost

1644003161820	geckodriver	INFO	Listening on 127.0.0.1:61660
1644003164878	mozrunner::runner	INFO	Running command: "C:\\Program Files\\Mozilla Firefox\\firefox.exe" "--marionette" "--remote-debugging-port" "61661" "-no-remote" "-profile" "C:\\Users\\Xxmoz\\AppData\\Local\\Temp\\rust_mozprofile5Y3QWv"
1644003165122	Marionette	INFO	Marionette enabled
console.warn: SearchSettings: "get: No settings file exists, new profile?" (new NotFoundError("Could not open the file at C:\\Users\\Xxmoz\\AppData\\Local\\Temp\\rust_mozprofile5Y3QWv\\search.json.mozlz4", (void 0)))
DevTools listening on ws://localhost:61661/devtools/browser/104e24d1-2011-4ae5-a527-573652abb02f
1644003166999	Marionette	INFO	Listening on port 61681
1644003167028	RemoteAgent	WARN	TLS certificate errors will be ignored for this session
1644003201958	Marionette	INFO	Stopped listening on port 61677
console.warn: TopSitesFeed: Failed to fetch data from Contile server: NetworkError when attempting to fetch resource.
console.error: QuickSuggest: (new TypeError("NetworkError: Network request failed", "resource://services-settings/Utils.jsm", 131))
1644003271746	geckodriver	INFO	Listening on 127.0.0.1:61986
1644003274815	mozrunner::runner	INFO	Running command: "C:\\Program Files\\Mozilla Firefox\\firefox.exe" "--marionette" "--remote-debugging-port" "61987" "-no-remote" "-profile" "C:\\Users\\Xxmoz\\AppData\\Local\\Temp\\rust_mozprofile8UNOFO"
1644003275062	Marionette	INFO	Marionette enabled
console.warn: SearchSettings: "get: No settings file exists, new profile?" (new NotFoundError("Could not open the file at C:\\Users\\Xxmoz\\AppData\\Local\\Temp\\rust_mozprofile8UNOFO\\search.json.mozlz4", (void 0)))
DevTools listening on ws://localhost:61987/devtools/browser/7df63cfa-a947-4133-95f3-f9a6ae1c1c80
1644003277077	Marionette	INFO	Listening on port 62000
1644003277472	RemoteAgent	WARN	TLS certificate errors will be ignored for this session
1644003316695	Marionette	INFO	Stopped listening on port 62002
console.warn: TopSitesFeed: Failed to fetch data from Contile server: NetworkError when attempting to fetch resource.
console.error: QuickSuggest: (new TypeError("NetworkError: Network request failed", "resource://services-settings/Utils.jsm", 131))

###!!! [Parent][RunMessage] Error: Channel closing: too late to send/recv, messages will be lost

1644040913534	geckodriver	INFO	Listening on 127.0.0.1:63977
1644040916580	mozrunner::runner	INFO	Running command: "C:\\Program Files\\Mozilla Firefox\\firefox.exe" "--marionette" "--remote-debugging-port" "63980" "-no-remote" "-profile" "C:\\Users\\Xxmoz\\AppData\\Local\\Temp\\rust_mozprofilekpNXhY"
1644040917042	Marionette	INFO	Marionette enabled
console.warn: SearchSettings: "get: No settings file exists, new profile?" (new NotFoundError("Could not open the file at C:\\Users\\Xxmoz\\AppData\\Local\\Temp\\rust_mozprofilekpNXhY\\search.json.mozlz4", (void 0)))
DevTools listening on ws://localhost:63980/devtools/browser/d6610b68-06fc-4f24-9869-b3db0c0307c2
1644040919094	Marionette	INFO	Listening on port 64005
1644040919300	RemoteAgent	WARN	TLS certificate errors will be ignored for this session
console.warn: LoginRecipes: "getRecipes: falling back to a synchronous message for:" "https://alternasec.formstack.com"
console.warn: LoginRecipes: "getRecipes: falling back to a synchronous message for:" "https://alternasec.formstack.com"
console.warn: LoginRecipes: "getRecipes: falling back to a synchronous message for:" "https://alternasec.formstack.com"
1644041005069	Marionette	INFO	Stopped listening on port 64003
console.warn: TopSitesFeed: Failed to fetch data from Contile server: NetworkError when attempting to fetch resource.

###!!! [Parent][RunMessage] Error: Channel closing: too late to send/recv, messages will be lost

1644130531571	geckodriver	INFO	Listening on 127.0.0.1:64378
1644130534640	mozrunner::runner	INFO	Running command: "C:\\Program Files\\Mozilla Firefox\\firefox.exe" "--marionette" "--remote-debugging-port" "64382" "-no-remote" "-profile" "C:\\Users\\Xxmoz\\AppData\\Local\\Temp\\rust_mozprofile0ZHrt6"
1644130535048	Marionette	INFO	Marionette enabled
console.warn: SearchSettings: "get: No settings file exists, new profile?" (new NotFoundError("Could not open the file at C:\\Users\\Xxmoz\\AppData\\Local\\Temp\\rust_mozprofileMsml3T\\search.json.mozlz4", (void 0)))
DevTools listening on ws://localhost:64381/devtools/browser/ce5a5a81-700c-45cf-841e-b02de03632a8
1644130537036	Marionette	INFO	Listening on port 64399
1644130537403	RemoteAgent	WARN	TLS certificate errors will be ignored for this session
1644130629657	Marionette	INFO	Stopped listening on port 64397
console.warn: TopSitesFeed: Failed to fetch data from Contile server: NetworkError when attempting to fetch resource.

###!!! [Parent][RunMessage] Error: Channel closing: too late to send/recv, messages will be lost

1644228133460	geckodriver	INFO	Listening on 127.0.0.1:55100
1644228136493	mozrunner::runner	INFO	Running command: "C:\\Program Files\\Mozilla Firefox\\firefox.exe" "--marionette" "--remote-debugging-port" "55103" "-no-remote" "-profile" "C:\\Users\\Xxmoz\\AppData\\Local\\Temp\\rust_mozprofileDhlOM0"
1644228136804	Marionette	INFO	Marionette enabled
console.warn: SearchSettings: "get: No settings file exists, new profile?" (new NotFoundError("Could not open the file at C:\\Users\\Xxmoz\\AppData\\Local\\Temp\\rust_mozprofileDhlOM0\\search.json.mozlz4", (void 0)))
console.error: Region.jsm: "Error fetching region" (new TypeError("NetworkError when attempting to fetch resource.", ""))
console.error: Region.jsm: "Failed to fetch region" (new Error("NO_RESULT", "resource://gre/modules/Region.jsm", 419))
console.warn: TopSitesFeed: Failed to fetch data from Contile server: NetworkError when attempting to fetch resource.
DevTools listening on ws://localhost:55103/devtools/browser/9a580955-d418-46e8-8a68-51b3d195e7e4
1644228138990	Marionette	INFO	Listening on port 55117
1644228139202	RemoteAgent	WARN	TLS certificate errors will be ignored for this session
1644228145865	Marionette	INFO	Stopped listening on port 55117
console.warn: TopSitesFeed: Failed to fetch data from Contile server: NetworkError when attempting to fetch resource.

###!!! [Parent][RunMessage] Error: Channel closing: too late to send/recv, messages will be lost

1644228157745	geckodriver	INFO	Listening on 127.0.0.1:55158
1644228160807	mozrunner::runner	INFO	Running command: "C:\\Program Files\\Mozilla Firefox\\firefox.exe" "--marionette" "--remote-debugging-port" "55163" "-no-remote" "-profile" "C:\\Users\\Xxmoz\\AppData\\Local\\Temp\\rust_mozprofileYuRHzF"
1644228161067	Marionette	INFO	Marionette enabled
console.warn: SearchSettings: "get: No settings file exists, new profile?" (new NotFoundError("Could not open the file at C:\\Users\\Xxmoz\\AppData\\Local\\Temp\\rust_mozprofile7Iiq66\\search.json.mozlz4", (void 0)))
DevTools listening on ws://localhost:55162/devtools/browser/35d8b6fc-3006-4e20-9a41-927a2a5b3841
1644228162937	Marionette	INFO	Listening on port 55182
1644228162952	RemoteAgent	WARN	TLS certificate errors will be ignored for this session
console.warn: LoginRecipes: "getRecipes: falling back to a synchronous message for:" "https://alternasec.formstack.com"
console.warn: LoginRecipes: "getRecipes: falling back to a synchronous message for:" "https://alternasec.formstack.com"
console.warn: LoginRecipes: "getRecipes: falling back to a synchronous message for:" "https://alternasec.formstack.com"
1644228227479	Marionette	INFO	Stopped listening on port 55186
console.warn: TopSitesFeed: Failed to fetch data from Contile server: NetworkError when attempting to fetch resource.

###!!! [Parent][RunMessage] Error: Channel closing: too late to send/recv, messages will be lost

es-settings/Utils.jsm", 131))

###!!! [Parent][RunMessage] Error: Channel closing: too late to send/recv, messages will be lost

1644310420066	geckodriver	INFO	Listening on 127.0.0.1:64355
1644310423166	mozrunner::runner	INFO	Running command: "C:\\Program Files\\Mozilla Firefox\\firefox.exe" "--marionette" "--remote-debugging-port" "64360" "-no-remote" "-profile" "C:\\Users\\Xxmoz\\AppData\\Local\\Temp\\rust_mozprofilekpWXXr"
1644310423614	Marionette	INFO	Marionette enabled
console.warn: SearchSettings: "get: No settings file exists, new profile?" (new NotFoundError("Could not open the file at C:\\Users\\Xxmoz\\AppData\\Local\\Temp\\rust_mozprofilekpWXXr\\search.json.mozlz4", (void 0)))
DevTools listening on ws://localhost:64359/devtools/browser/0ebbca72-4a3e-4cee-a1b4-199c97751e74
1644310425712	Marionette	INFO	Listening on port 64375
1644310425872	RemoteAgent	WARN	TLS certificate errors will be ignored for this session
console.warn: LoginRecipes: "getRecipes: falling back to a synchronous message for:" "https://alternasec.formstack.com"
console.warn: LoginRecipes: "getRecipes: falling back to a synchronous message for:" "https://alternasec.formstack.com"
console.warn: LoginRecipes: "getRecipes: falling back to a synchronous message for:" "https://alternasec.formstack.com"
1644310887124	Marionette	INFO	Stopped listening on port 64375
console.warn: TopSitesFeed: Failed to fetch data from Contile server: NetworkError when attempting to fetch resource.

###!!! [Parent][RunMessage] Error: Channel closing: too late to send/recv, messages will be lost

red for this session
console.warn: LoginRecipes: "getRecipes: falling back to a synchronous message for:" "https://alternasec.formstack.com"
console.warn: LoginRecipes: "getRecipes: falling back to a synchronous message for:" "https://alternasec.formstack.com"
console.warn: LoginRecipes: "getRecipes: falling back to a synchronous message for:" "https://alternasec.formstack.com"
1644310847368	Marionette	INFO	Stopped listening on port 64376
console.warn: TopSitesFeed: Failed to fetch data from Contile server: NetworkError when attempting to fetch resource.

###!!! [Parent][RunMessage] Error: Channel closing: too late to send/recv, messages will be lost

1644603323207	geckodriver	INFO	Listening on 127.0.0.1:51581
1644603326273	mozrunner::runner	INFO	Running command: "C:\\Program Files\\Mozilla Firefox\\firefox.exe" "--marionette" "--remote-debugging-port" "51582" "-no-remote" "-profile" "C:\\Users\\Xxmoz\\AppData\\Local\\Temp\\rust_mozprofileqkCnTX"
1644603326764	Marionette	INFO	Marionette enabled
console.warn: SearchSettings: "get: No settings file exists, new profile?" (new NotFoundError("Could not open the file at C:\\Users\\Xxmoz\\AppData\\Local\\Temp\\rust_mozprofileIuAmsw\\search.json.mozlz4", (void 0)))
DevTools listening on ws://localhost:51583/devtools/browser/63861d5c-f8a3-4bcd-8194-bf0f6a396e32
1644603328976	Marionette	INFO	Listening on port 51597
1644603329001	RemoteAgent	WARN	TLS certificate errors will be ignored for this session
console.error: Region.jsm: "Error fetching region" (new Error("TIMEOUT", "resource://gre/modules/Region.jsm", 772))
console.error: Region.jsm: "Failed to fetch region" (new Error("TIMEOUT", "resource://gre/modules/Region.jsm", 419))
1644603339200	Marionette	INFO	Stopped listening on port 51600
console.warn: TopSitesFeed: Failed to fetch data from Contile server: NetworkError when attempting to fetch resource.
console.warn: TopSitesFeed: Failed to fetch data from Contile server: NetworkError when attempting to fetch resource.
JavaScript error: chrome://remote/content/marionette/cert.js, line 55: NS_ERROR_NOT_AVAILABLE: Component returned failure code: 0x80040111 (NS_ERROR_NOT_AVAILABLE) [nsICertOverrideService.setDisableAllSecurityChecksAndLetAttackersInterceptMyData]
1644603775426	geckodriver	INFO	Listening on 127.0.0.1:50977
1644603778493	mozrunner::runner	INFO	Running command: "C:\\Program Files\\Mozilla Firefox\\firefox.exe" "--marionette" "--remote-debugging-port" "50979" "-no-remote" "-profile" "C:\\Users\\Xxmoz\\AppData\\Local\\Temp\\rust_mozprofileDHRgo8"
1644603778764	Marionette	INFO	Marionette enabled
console.warn: SearchSettings: "get: No settings file exists, new profile?" (new NotFoundError("Could not open the file at C:\\Users\\Xxmoz\\AppData\\Local\\Temp\\rust_mozprofilepPtVv2\\search.json.mozlz4", (void 0)))
DevTools listening on ws://localhost:50979/devtools/browser/6c99fc7e-e8b5-44ed-841c-edddbdc40256
1644603780758	Marionette	INFO	Listening on port 50994
1644603781167	RemoteAgent	WARN	TLS certificate errors will be ignored for this session
console.error: Region.jsm: "Error fetching region" (new Error("TIMEOUT", "resource://gre/modules/Region.jsm", 772))
console.error: Region.jsm: "Failed to fetch region" (new Error("TIMEOUT", "resource://gre/modules/Region.jsm", 419))
console.warn: LoginRecipes: "getRecipes: falling back to a synchronous message for:" "https://alternasec.formstack.com"
console.warn: LoginRecipes: "getRecipes: falling back to a synchronous message for:" "https://alternasec.formstack.com"
console.warn: LoginRecipes: "getRecipes: falling back to a synchronous message for:" "https://alternasec.formstack.com"
1644604143419	Marionette	INFO	Stopped listening on port 50996
console.warn: TopSitesFeed: Failed to fetch data from Contile server: NetworkError when attempting to fetch resource.

###!!! [Parent][PGPUParent] Error: RunMessage(msgname=PGPU::Msg_ShutdownVR) Channel closing: too late to send/recv, messages will be lost

1645000780260	geckodriver	INFO	Listening on 127.0.0.1:64955
1645000783361	mozrunner::runner	INFO	Running command: "C:\\Program Files\\Mozilla Firefox\\firefox.exe" "--marionette" "--remote-debugging-port" "64957" "-no-remote" "-profile" "C:\\Users\\Xxmoz\\AppData\\Local\\Temp\\rust_mozprofileD4LF34"
1645000783895	Marionette	INFO	Marionette enabled
console.warn: SearchSettings: "get: No settings file exists, new profile?" (new NotFoundError("Could not open the file at C:\\Users\\Xxmoz\\AppData\\Local\\Temp\\rust_mozprofileD4LF34\\search.json.mozlz4", (void 0)))
DevTools listening on ws://localhost:64959/devtools/browser/605f3591-b76b-4340-9a8f-897a20a39abf
1645000786018	Marionette	INFO	Listening on port 64975
1645000786060	RemoteAgent	WARN	TLS certificate errors will be ignored for this session
console.error: Region.jsm: "Error fetching region" (new Error("TIMEOUT", "resource://gre/modules/Region.jsm", 772))
console.error: Region.jsm: "Failed to fetch region" (new Error("TIMEOUT", "resource://gre/modules/Region.jsm", 419))
console.warn: LoginRecipes: "getRecipes: falling back to a synchronous message for:" "https://alternasec.formstack.com"
console.warn: LoginRecipes: "getRecipes: falling back to a synchronous message for:" "https://alternasec.formstack.com"
console.warn: LoginRecipes: "getRecipes: falling back to a synchronous message for:" "https://alternasec.formstack.com"
1645000960064	Marionette	INFO	Stopped listening on port 64974
console.console.warn: LoginRecipes: "getRecipes: falling back to a synchronous message for:" "https://alternasec.formstack.com"
console.warn: LoginRecipes: "getRecipes: falling back to a synchronous message for:" "https://alternasec.formstack.com"
console.warn: LoginRecipes: "getRecipes: falling back to a synchronous message for:" "https://alternasec.formstack.com"
1645000991852	Marionette	INFO	Stopped listening on port 64971
console.warn: TopSitesFeed: Failed to fetch data from Contile server: NetworkError when attempting to fetch resource.
1645080677496	geckodriver	INFO	Listening on 127.0.0.1:50840
1645080680550	mozrunner::runner	INFO	Running command: "C:\\Program Files\\Mozilla Firefox\\firefox.exe" "--marionette" "--remote-debugging-port" "50843" "-no-remote" "-profile" "C:\\Users\\Xxmoz\\AppData\\Local\\Temp\\rust_mozprofileg7U1sv"
1645080680835	Marionette	INFO	Marionette enabled
console.warn: SearchSettings: "get: No settings file exists, new profile?" (new NotFoundError("Could not open the file at C:\\Users\\Xxmoz\\AppData\\Local\\Temp\\rust_mozprofileg7U1sv\\search.json.mozlz4", (void 0)))
DevTools listening on ws://localhost:50843/devtools/browser/9a83caee-80c6-4ea6-b4c9-3927f15085f6
1645080682859	Marionette	INFO	Listening on port 50860
1645080683235	RemoteAgent	WARN	TLS certificate errors will be ignored for this session
console.warn: LoginRecipes: "getRecipes: falling back to a synchronous message for:" "https://alternasec.formstack.com"
console.warn: LoginRecipes: "getRecipes: falling back to a synchronous message for:" "https://alternasec.formstack.com"
console.warn: LoginRecipes: "getRecipes: falling back to a synchronous message for:" "https://alternasec.formstack.com"
1645080875429	Marionette	INFO	Stopped listening on port 50861
console.warn: TopSitesFeed: Failed to fetch data from Contile server: NetworkError when attempting to fetch resource.

###!!! [Parent][PGPUParent] Error: RunMessage(msgname=PGPU::Msg_ShutdownVR) Channel closing: too late to send/recv, messages will be lost

1646412378992	geckodriver	INFO	Listening on 127.0.0.1:64088
1646412382047	mozrunner::runner	INFO	Running command: "C:\\Program Files\\Mozilla Firefox\\firefox.exe" "--marionette" "--remote-debugging-port" "64092" "-no-remote" "-profile" "C:\\Users\\Xxmoz\\AppData\\Local\\Temp\\rust_mozprofile68oIaU"
1646412382367	Marionette	INFO	Marionette enabled
console.warn: SearchSettings: "get: No settings file exists, new profile?" (new NotFoundError("Could not open the file at C:\\Users\\Xxmoz\\AppData\\Local\\Temp\\rust_mozprofile68oIaU\\search.json.mozlz4", (void 0)))
DevTools listening on ws://localhost:64092/devtools/browser/044fad35-7c24-47f0-9d52-f934bcf1c86a
1646412384098	Marionette	INFO	Listening on port 64107
1646412384206	RemoteAgent	WARN	TLS certificate errors will be ignored for this session
console.error: Region.jsm: "Error fetching region" (new Error("TIMEOUT", "resource://gre/modules/Region.jsm", 772))
console.error: Region.jsm: "Failed to fetch region" (new Error("TIMEOUT", "resource://gre/modules/Region.jsm", 419))
console.warn: LoginRecipes: "getRecipes: falling back to a synchronous message for:" "https://alternasec.formstack.com"
console.warn: LoginRecipes: "getRecipes: falling back to a synchronous message for:" "https://alternasec.formstack.com"
console.warn: LoginRecipes: "getRecipes: falling back to a synchronous message for:" "https://alternasec.formstack.com"
1646412637542	Marionette	INFO	Stopped listening on port 64104
console.warn: TopSitesFeed: Failed to fetch data from Contile server: NetworkError when attempting to fetch resource.

###!!! [Parent][PGPUParent] Error: RunMessage(msgname=PGPU::Msg_ShutdownVR) Channel closing: too late to send/recv, messages will be lost

1646412894249	geckodriver	INFO	Listening on 127.0.0.1:64582
1646412897300	mozrunner::runner	INFO	Running command: "C:\\Program Files\\Mozilla Firefox\\firefox.exe" "--marionette" "--remote-debugging-port" "64583" "-no-remote" "-profile" "C:\\Users\\Xxmoz\\AppData\\Local\\Temp\\rust_mozprofileHeaFri"
1646412897529	Marionette	INFO	Marionette enabled
console.warn: SearchSettings: "get: No settings file exists, new profile?" (new NotFoundError("Could not open the file at C:\\Users\\Xxmoz\\AppData\\Local\\Temp\\rust_mozprofileHeaFri\\search.json.mozlz4", (void 0)))
DevTools listening on ws://localhost:64583/devtools/browser/52dbdd2c-f913-4cb9-aeb8-70ab1ffb77a5
1646412898761	Marionette	INFO	Listening on port 64590
1646412898830	RemoteAgent	WARN	TLS certificate errors will be ignored for this session
1646412919190	Marionette	INFO	Stopped listening on port 64590
console.warn: TopSitesFeed: Failed to fetch data from Contile server: NetworkError when attempting to fetch resource.

###!!! [Parent][PGPUParent] Error: RunMessage(msgname=PGPU::Msg_ShutdownVR) Channel closing: too late to send/recv, messages will be lost

1646412940028	geckodriver	INFO	Listening on 127.0.0.1:64680
1646412943098	mozrunner::runner	INFO	Running command: "C:\\Program Files\\Mozilla Firefox\\firefox.exe" "--marionette" "--remote-debugging-port" "64681" "-no-remote" "-profile" "C:\\Users\\Xxmoz\\AppData\\Local\\Temp\\rust_mozprofileXTw85f"
1646412943349	Marionette	INFO	Marionette enabled
console.warn: SearchSettings: "get: No settings file exists, new profile?" (new NotFoundError("Could not open the file at C:\\Users\\Xxmoz\\AppData\\Local\\Temp\\rust_mozprofilepAT9IB\\search.json.mozlz4", (void 0)))
DevTools listening on ws://localhost:64678/devtools/browser/67f7d6aa-a536-47a0-8e60-9da713a35d6b
1646412944952	Marionette	INFO	Listening on port 64696
1646412945170	RemoteAgent	WARN	TLS certificate errors will be ignored for this session
console.error: Region.jsm: "Error fetching region" (new Error("TIMEOUT", "resource://gre/modules/Region.jsm", 772))
console.error: Region.jsm: "Failed to fetch region" (new Error("TIMEOUT", "resource://gre/modules/Region.jsm", 419))
1646413090376	Marionette	INFO	Stopped listening on port 64697
console.warn: TopSitesFeed: Failed to fetch data from Contile server: NetworkError when attempting to fetch resource.
JavaScript error: chrome://remote/content/marionette/cert.js, line 55: NS_ERROR_NOT_AVAILABLE: Component returned failure code: 0x80040111 (NS_ERROR_NOT_AVAILABLE) [nsICertOverrideService.setDisableAllSecurityChecksAndLetAttackersInterceptMyData]
1647595368485	geckodriver	INFO	Listening on 127.0.0.1:62572
1647595371559	mozrunner::runner	INFO	Running command: "C:\\Program Files\\Mozilla Firefox\\firefox.exe" "--marionette" "--remote-debugging-port" "62577" "-no-remote" "-profile" "C:\\Users\\Xxmoz\\AppData\\Local\\Temp\\rust_mozprofileRt4pze"
1647595371803	Marionette	INFO	Marionette enabled
console.warn: SearchSettings: "get: No settings file exists, new profile?" (new NotFoundError("Could not open the file at C:\\Users\\Xxmoz\\AppData\\Local\\Temp\\rust_mozprofileRt4pze\\search.json.mozlz4", (void 0)))
DevTools listening on ws://localhost:62577/devtools/browser/6630df8e-9e04-4e02-a6b2-09b57f781797
1647595373945	Marionette	INFO	Listening on port 62596
1647595374211	RemoteAgent	WARN	TLS certificate errors will be ignored for this session
console.error: Region.jsm: "Error fetching region" (new Error("TIMEOUT", "resource://gre/modules/Region.jsm", 772))
console.error: Region.jsm: "Failed to fetch region" (new Error("TIMEOUT", "resource://gre/modules/Region.jsm", 419))
console.warn: TopSitesFeed: Failed to fetch data from Contile server: NetworkError when attempting to fetch resource.
1647595423217	Marionette	INFO	Stopped listening on port 62592
console.warn: TopSitesFeed: Failed to fetch data from Contile server: NetworkError when attempting to fetch resource.
JavaScript error: chrome://remote/content/marionette/cert.js, line 55: NS_ERROR_NOT_AVAILABLE: Component returned failure code: 0x80040111 (NS_ERROR_NOT_AVAILABLE) [nsICertOverrideService.setDisableAllSecurityChecksAndLetAttackersInterceptMyData]

###!!! [Parent][PGPUParent] Error: RunMessage(msgname=PGPU::Msg_ShutdownVR) Channel closing: too late to send/recv, messages will be lost

1647595428048	geckodriver	INFO	Listening on 127.0.0.1:62779
1647595431145	mozrunner::runner	INFO	Running command: "C:\\Program Files\\Mozilla Firefox\\firefox.exe" "--marionette" "--remote-debugging-port" "62778" "-no-remote" "-profile" "C:\\Users\\Xxmoz\\AppData\\Local\\Temp\\rust_mozprofileitw7Hy"
1647595431383	Marionette	INFO	Marionette enabled
console.warn: SearchSettings: "get: No settings file exists, new profile?" (new NotFoundError("Could not open the file at C:\\Users\\Xxmoz\\AppData\\Local\\Temp\\rust_mozprofileitw7Hy\\search.json.mozlz4", (void 0)))
DevTools listening on ws://localhost:62777/devtools/browser/5dc76314-fc3d-4dc0-9818-bedbbfa1febd
1647595433560	Marionette	INFO	Listening on port 62800
1647595433785	RemoteAgent	WARN	TLS certificate errors will be ignored for this session
console.error: Region.jsm: "Error fetching region" (new Error("TIMEOUT", "resource://gre/modules/Region.jsm", 772))
console.error: Region.jsm: "Failed to fetch region" (new Error("TIMEOUT", "resource://gre/modules/Region.jsm", 419))
console.warn: LoginRecipes: "getRecipes: falling back to a synchronous message for:" "https://alternasec.formstack.com"
console.warn: LoginRecipes: "getRecipes: falling back to a synchronous message for:" "https://alternasec.formstack.com"
console.warn: LoginRecipes: "getRecipes: falling back to a synchronous message for:" "https://alternasec.formstack.com"
1647595469539	Marionette	INFO	Stopped listening on port 62797
console.warn: TopSitesFeed: Failed to fetch data from Contile server: NetworkError when attempting to fetch resource.
1647748114001	geckodriver	INFO	Listening on 127.0.0.1:65080
1647748117054	mozrunner::runner	INFO	Running command: "C:\\Program Files\\Mozilla Firefox\\firefox.exe" "--marionette" "--remote-debugging-port" "65079" "-no-remote" "-profile" "C:\\Users\\Xxmoz\\AppData\\Local\\Temp\\rust_mozprofileYoCNQv"
1647748117315	Marionette	INFO	Marionette enabled
1647846904389	geckodriver	INFO	Listening on 127.0.0.1:56197
1647846907466	mozrunner::runner	INFO	Running command: "C:\\Program Files\\Mozilla Firefox\\firefox.exe" "--marionette" "--remote-debugging-port" "56200" "-no-remote" "-profile" "C:\\Users\\Xxmoz\\AppData\\Local\\Temp\\rust_mozprofile8EcWRY"
1647846907875	Marionette	INFO	Marionette enabled
console.warn: SearchSettings: "get: No settings file exists, new profile?" (new NotFoundError("Could not open the file at C:\\Users\\Xxmoz\\AppData\\Local\\Temp\\rust_mozprofileHjeIiT\\search.json.mozlz4", (void 0)))
DevTools listening on ws://localhost:56200/devtools/browser/4dc02ab5-fe61-44f7-b6a1-104e8717463d
1647846909583	Marionette	INFO	Listening on port 56219
1647846909677	RemoteAgent	WARN	TLS certificate errors will be ignored for this session
console.warn: LoginRecipes: "getRecipes: falling back to a synchronous message for:" "https://alternasec.formstack.com"
console.warn: LoginRecipes: "getRecipes: falling back to a synchronous message for:" "https://alternasec.formstack.com"
console.warn: LoginRecipes: "getRecipes: falling back to a synchronous message for:" "https://alternasec.formstack.com"
1647846985506	Marionette	INFO	Stopped listening on port 56219
console.warn: TopSitesFeed: Failed to fetch data from Contile server: NetworkError when attempting to fetch resource.

###!!! [Parent][PGPUParent] Error: RunMessage(msgname=PGPU::Msg_ShutdownVR) Channel closing: too late to send/recv, messagconsole.warn: LoginRecipes: "getRecipes: falling back to a synchronous message for:" "https://alternasec.formstack.com"
console.warn: LoginRecipes: "getRecipes: falling back to a synchronous message for:" "https://alternasec.formstack.com"
console.warn: LoginRecipes: "getRecipes: falling back to a synchronous message for:" "https://alternasec.formstack.com"
1647847017495	Marionette	INFO	Stopped listening on port 56217
console.warn: TopSitesFeed: Failed to fetch data from Contile server: NetworkError when attempting to fetch resource.

###!!! [Parent][PGPUParent] Error: RunMessage(msgname=PGPU::Msg_ShutdownVR) Channel closing: too late to send/recv, messages will be lost

1648471881191	geckodriver	INFO	Listening on 127.0.0.1:65250
1648471884274	mozrunner::runner	INFO	Running command: "C:\\Program Files\\Mozilla Firefox\\firefox.exe" "--marionette" "--remote-debugging-port" "65252" "-no-remote" "-profile" "C:\\Users\\Xxmoz\\AppData\\Local\\Temp\\rust_mozprofilegZcAFH"
1648471884726	Marionette	INFO	Marionette enabled
console.warn: SearchSettings: "get: No settings file exists, new profile?" (new NotFoundError("Could not open the file at C:\\Users\\Xxmoz\\AppData\\Local\\Temp\\rust_mozprofilegZcAFH\\search.json.mozlz4", (void 0)))
DevTools listening on ws://localhost:65248/devtools/browser/c6547384-d3ba-4787-9cbd-d4e72e841384
1648471886484	Marionette	INFO	Listening on port 65277
1648471886969	RemoteAgent	WARN	TLS certificate errors will be ignored for this session
console.error: Region.jsm: "Error fetching region" (new Error("TIMEOUT", "resource://gre/modules/Region.jsm", 772))
console.error: Region.jsm: "Failed to fetch region" (new Error("TIMEOUT", "resource://gre/modules/Region.jsm", 419))
1648471896307	Marionette	INFO	Stopped listening on port 65277
console.error: services.settings: 
  main/query-stripping Signature failed  TypeError: NetworkError: Network request failed
console.warn: TopSitesFeed: Failed to fetch data from Contile server: NetworkError when attempting to fetch resource.
JavaScript error: chrome://remote/content/marionette/cert.js, line 55: NS_ERROR_NOT_AVAILABLE: Component returned failure code: 0x80040111 (NS_ERROR_NOT_AVAILABLE) [nsICertOverrideService.setDisableAllSecurityChecksAndLetAttackersInterceptMyData]
! [Parent][PGPUParent] Error: RunMessage(msgname=PGPU::Msg_ShutdownVR) Channel closing: too late to send/recv, messages will be lost

1648471962035	geckodriver	INFO	Listening on 127.0.0.1:62190
1648471965087	mozrunner::runner	INFO	Running command: "C:\\Program Files\\Mozilla Firefox\\firefox.exe" "--marionette" "--remote-debugging-port" "62191" "-no-remote" "-profile" "C:\\Users\\Xxmoz\\AppData\\Local\\Temp\\rust_mozprofile0FWPmK"
1648471965363	Marionette	INFO	Marionette enabled
console.warn: SearchSettings: "get: No settings file exists, new profile?" (new NotFoundError("Could not open the file at C:\\Users\\Xxmoz\\AppData\\Local\\Temp\\rust_mozprofilef5fgaV\\search.json.mozlz4", (void 0)))
DevTools listening on ws://localhost:62195/devtools/browser/568587af-8864-43e5-b8dd-417602b88b2e
1648471966968	Marionette	INFO	Listening on port 62219
1648471967128	RemoteAgent	WARN	TLS certificate errors will be ignored for this session
console.warn: TopSitesFeed: Failed to fetch data from Contile server: NetworkError when attempting to fetch resource.
1648472057225	Marionette	INFO	Stopped listening on port 62221
console.warn: TopSitesFeed: Failed to fetch data from Contile server: NetworkError when attempting to fetch resource.
JavaScript error: chrome://remote/content/marionette/1648472058019	Marionette	INFO	Stopped listening on port 62219
console.warn: TopSitesFeed: Failed to fetch data from Contile server: NetworkError when attempting to fetch resource.

###!!! [Parent][PGPUParent] Error: RunMessage(msgname=PGPU::Msg_ShutdownVR) Channel closing: too late to send/recv, messages will be lost

)

###!!! [Parent][PGPUParent] Error: RunMessage(msgname=PGPU::Msg_ShutdownVR) Channel closing: too late to send/recv, messages will be lost

1648472123612	geckodriver	INFO	Listening on 127.0.0.1:62514
1648472126666	mozrunner::runner	INFO	Running command: "C:\\Program Files\\Mozilla Firefox\\firefox.exe" "--marionette" "--remote-debugging-port" "62517" "-no-remote" "-profile" "C:\\Users\\Xxmoz\\AppData\\Local\\Temp\\rust_mozprofileoedRSt"
1648472126921	Marionette	INFO	Marionette enabled
console.warn: SearchSettings: "get: No settings file exists, new profile?" (new NotFoundError("Could not open the file at C:\\Users\\Xxmoz\\AppData\\Local\\Temp\\rust_mozprofile8Biaye\\search.json.mozlz4", (void 0)))
DevTools listening on ws://localhost:62513/devtools/browser/acdc5c50-2408-4f25-883b-351d5cb73a39
1648472128574	Marionette	INFO	Listening on port 62537
1648472128695	RemoteAgent	WARN	TLS certificate errors will be ignored for this session
console.warn: LoginRecipes: "getRecipes: falling back to a synchronous message for:" "https://alternasec.formstack.com"
console.warn: LoginRecipes: "getRecipes: falling back to a synchronous message for:" "https://alternasec.formstack.com"
console.warn: LoginRecipes: "getRecipes: falling back to a synchronous message for:" "https://alternasec.formstack.com"
1648472212316	Marionette	INFO	Stopped listening on port 62537
console.warn: TopSitesFeed: Failed to fetch data from Contile server: NetworkError when attempting to fetch resource.

###!!! [Parent][PGPUParent] Error: RunMessage(msgname=PGPU::Msg_ShutdownVR) Channel closing: too late to send/recv, messages will be lost

1648472214023	geckodriver	INFO	Listening on 127.0.0.1:62881
1648472217100	mozrunner::runner	INFO	Running command: "C:\\Program Files\\Mozilla Firefox\\firefox.exe" "--marionette" "--remote-debugging-port" "62880" "-no-remote" "-profile" "C:\\Users\\Xxmoz\\AppData\\Local\\Temp\\rust_mozprofilezqM38I"
1648472217357	Marionette	INFO	Marionette enabled
console.warn: SearchSettings: "get: No settings file exists, new profile?" (new NotFoundError("Could not open the file at C:\\Users\\Xxmoz\\AppData\\Local\\Temp\\rust_mozprofilekwymt0\\search.json.mozlz4", (void 0)))
DevTools listening on ws://localhost:62880/devtools/browser/1a3c62d4-0e12-4ee3-ba98-b525ebe7f942
1648472219006	Marionette	INFO	Listening on port 62904
1648472219128	RemoteAgent	WARN	TLS certificate errors will be ignored for this session
1648472236250	Marionette	INFO	Stopped listening on port 62903
console.warn: TopSitesFeed: Failed to fetch data from Contile server: NetworkError when attempting to fetch resource.

###!!! [Parent][PGPUParent] Error: RunMessage(msgname=PGPU::Msg_ShutdownVR) Channel closing: too late to send/recv, messages will be lost

1648538700208	geckodriver	INFO	Listening on 127.0.0.1:59193
1648538703279	mozrunner::runner	INFO	Running command: "C:\\Program Files\\Mozilla Firefox\\firefox.exe" "--marionette" "--remote-debugging-port" "59194" "-no-remote" "-profile" "C:\\Users\\Xxmoz\\AppData\\Local\\Temp\\rust_mozprofileTGDmy6"
1648538703589	Marionette	INFO	Marionette enabled
console.warn: SearchSettings: "get: No settings file exists, new profile?" (new NotFoundError("Could not open the file at C:\\Users\\Xxmoz\\AppData\\Local\\Temp\\rust_mozprofileWYLSnX\\search.json.mozlz4", (void 0)))
DevTools listening on ws://localhost:59197/devtools/browser/11223625-8fe3-4de6-b3ba-cf87e064c4a9
1648538705104	Marionette	INFO	Listening on port 59215
1648538705379	RemoteAgent	WARN	TLS certificate errors will be ignored for this session
1648538709908	Marionette	INFO	Stopped listening on port 59216
console.warn: TopSitesFeed: Failed to fetch data from Contile server: NetworkError when attempting to fetch resource.
JavaScript error: chrome://remote/content/marionette/cert.js, line 55: NS_ERROR_NOT_AVAILABLE: Component returned failure code: 0x80040111 (NS_ERROR_NOT_AVAILABLE) [nsICertOverrideService.setDisableAllSecurityChecksAndLetAttackersInterceptMyData]

###!!! [Parent][PGPUParent] Error: RunMessage(msgname=PGPU::Msg_ShutdownVR) Channel closing: too late to send/recv, messages will be lost

1648538712460	geckodriver	INFO	Listening on 127.0.0.1:59383
1648538715523	mozrunner::runner	INFO	Running command: "C:\\Program Files\\Mozilla Firefox\\firefox.exe" "--marionette" "--remote-debugging-port" "59382" "-no-remote" "-profile" "C:\\Users\\Xxmoz\\AppData\\Local\\Temp\\rust_mozprofileAiKSXa"
1648538715789	Marionette	INFO	Marionette enabled
console.warn: SearchSettings: "get: No settings file exists, new profile?" (new NotFoundError("Could not open the file at C:\\Users\\Xxmoz\\AppData\\Local\\Temp\\rust_mozprofileAiKSXa\\search.json.mozlz4", (void 0)))
DevTools listening on ws://localhost:59382/devtools/browser/c6537881-f7f6-4e12-b4ac-7c839e0c17c0
1648538717302	Marionette	INFO	Listening on port 59395
1648538717637	RemoteAgent	WARN	TLS certificate errors will be ignored for this session
console.warn: LoginRecipes: "getRecipes: falling back to a synchronous message for:" "https://alternasec.formstack.com"
console.warn: LoginRecipes: "getRecipes: falling back to a synchronous message for:" "https://alternasec.formstack.com"
console.warn: LoginRecipes: "getRecipes: falling back to a synchronous message for:" "https://alternasec.formstack.com"
1648538731155	Marionette	INFO	Stopped listening on port 59396
console.warn: TopSitesFeed: Failed to fetch data from Contile server: NetworkError when attempting to fetch resource.
1649194305634	geckodriver	INFO	Listening on 127.0.0.1:60695
1649194308682	mozrunner::runner	INFO	Running command: "C:\\Program Files\\Mozilla Firefox\\firefox.exe" "--marionette" "--remote-debugging-port" "60696" "-no-remote" "-profile" "C:\\Users\\Xxmoz\\AppData\\Local\\Temp\\rust_mozprofileHhRUKl"
1649194309013	Marionette	INFO	Marionette enabled
console.warn: SearchSettings: "get: No settings file exists, new profile?" (new NotFoundError("Could not open the file at C:\\Users\\Xxmoz\\AppData\\Local\\Temp\\rust_mozprofileHhRUKl\\search.json.mozlz4", (void 0)))
DevTools listening on ws://localhost:60697/devtools/browser/e6c134b0-74fd-4591-9f6e-0760cda9f783
1649194311378	Marionette	INFO	Listening on port 60720
1649194311885	RemoteAgent	WARN	TLS certificate errors will be ignored for this session
1649194320660	Marionette	INFO	Stopped listening on port 60720
console.warn: TopSitesFeed: Failed to fetch data from Contile server: NetworkError when attempting to fetch resource.

###!!! [Parent][PGPUParent] Error: RunMessage(msgname=PGPU::Msg_ShutdownVR) Channel closing: too late to send/recv, messages will be lost

1650090239966	geckodriver	INFO	Listening on 127.0.0.1:50948
1650090243054	mozrunner::runner	INFO	Running command: "C:\\Program Files\\Mozilla Firefox\\firefox.exe" "--marionette" "--remote-debugging-port" "50950" "-no-remote" "-profile" "C:\\Users\\Xxmoz\\AppData\\Local\\Temp\\rust_mozprofileBzwwIP"
1650090243324	Marionette	INFO	Marionette enabled
console.warn: SearchSettings: "get: No settings file exists, new profile?" (new NotFoundError("Could not open the file at C:\\Users\\Xxmoz\\AppData\\Local\\Temp\\rust_mozprofilemDxUji\\search.json.mozlz4", (void 0)))
DevTools listening on ws://localhost:50953/devtools/browser/0fea9501-295c-42e8-9b40-ac4b4f87c7d7
1650090245233	Marionette	INFO	Listening on port 50973
1650090245763	RemoteAgent	WARN	TLS certificate errors will be ignored for this session
1650090254624	Marionette	INFO	Stopped listening on port 50973
console.warn: TopSitesFeed: Failed to fetch data from Contile server: NetworkError when attempting to fetch resource.
JavaScript error: chrome://remote/content/marionette/cert.js, line 55: NS_ERROR_NOT_AVAILABLE: Component returned failure code: 0x80040111 (NS_ERROR_NOT_AVAILABLE) [nsICertOverrideService.setDisableAllSecurityChecksAndLetAttackersInterceptMyData]
JavaScript error: resource://services-settings/Utils.jsm, line 154: TypeError: NetworkError: Network request failed

###!!! [Parent][PGPUParent] Error: RunMessage(msgname=PGPU::Msg_ShutdownVR) Channel closing: too late to send/recv, messages will be lost

urityChecksAndLetAttackersInterceptMyData]
JavaScript error: resource://services-settings/RemoteSettingsWorker.jsm, line 143: Error: Shutdown, aborting read-only worker requests.

###!!! [Parent][PGPUParent] Error: RunMessage(msgname=PGPU::Msg_ShutdownVR) Channel closing: too late to send/recv, messages will be lost

1653517360351	geckodriver	INFO	Listening on 127.0.0.1:51811
1653517363427	mozrunner::runner	INFO	Running command: "C:\\Program Files\\Mozilla Firefox\\firefox.exe" "--marionette" "--remote-debugging-port" "51812" "-no-remote" "-profile" "C:\\Users\\Xxmoz\\AppData\\Local\\Temp\\rust_mozprofileJY78QM"
1653517363667	Marionette	INFO	Marionette enabled
console.warn: SearchSettings: "get: No settings file exists, new profile?" (new NotFoundError("Could not open the file at C:\\Users\\Xxmoz\\AppData\\Local\\Temp\\rust_mozprofileJY78QM\\search.json.mozlz4", (void 0)))
DevTools listening on ws://localhost:51812/devtools/browser/efafc50f-c16c-49d8-8e67-ff3e289b05da
1653517364854	Marionette	INFO	Listening on port 51819
1653517364976	RemoteAgent	WARN	TLS certificate errors will be ignored for this session
1653517381831	Marionette	INFO	Stopped listening on port 51819
console.warn: TopSitesFeed: Failed to fetch data from Contile server: NetworkError when attempting to fetch resource.
1653913435787	geckodriver	INFO	Listening on 127.0.0.1:50564
1653913438884	mozrunner::runner	INFO	Running command: "C:\\Program Files\\Mozilla Firefox\\firefox.exe" "--marionette" "--remote-debugging-port" "50565" "-no-remote" "-profile" "C:\\Users\\Xxmoz\\AppData\\Local\\Temp\\rust_mozprofileybhotD"
1653913439227	Marionette	INFO	Marionette enabled
console.warn: SearchSettings: "get: No settings file exists, new profile?" (new NotFoundError("Could not open the file at C:\\Users\\Xxmoz\\AppData\\Local\\Temp\\rust_mozprofileybhotD\\search.json.mozlz4", (void 0)))
DevTools listening on ws://localhost:50565/devtools/browser/1cc54072-404d-4158-8f67-aa9ee5ea0726
1653913440851	Marionette	INFO	Listening on port 50581
1653913440942	RemoteAgent	WARN	TLS certificate errors will be ignored for this session
JavaScript error: https://static.formstack.com/forms/js/3/jquery-ui.min_42a497cb9f.js, line 6: ReferenceError: jQuery is not defined
JavaScript error: https://static.formstack.com/forms/js/3/scripts_73b8d74cfa.js, line 1: ReferenceErr1653913501653913510875	Marionette	INFO	Stopped listening on port 50580
console.warn: TopSitesFeed: Failed to fetch data from Contile server: NetworkError when attempting to fetch resource.
JavaScript error: chrome://remote/content/marionette/cert.js, line 55: NS_ERROR_NOT_AVAILABLE: Component returned failure code: 0x80040111 (NS_ERROR_NOT_AVAILABLE) [nsICertOverrideService.setDisableAllSecurityChecksAndLetAttackersInterceptMyData]
[Parent 10204, IPC I/O Parent] WARNING: file /builds/worker/checkouts/gecko/ipc/chromium/src/base/process_util_win.cc:167
ert.js, line 55: NS_ERROR_NOT_AVAILABLE: Component returned failure code: 0x80040111 (NS_ERROR_NOT_AVAILABLE) [nsICertOverrideService.setDisableAllSecurityChecksAndLetAttackersInterceptMyData]
JavaScript error: resource://services-settings/Utils.jsm, line 153: TypeError: NetworkError: Network request failed
1653913515326	geckodriver	INFO	Listening on 127.0.0.1:50706
1653913518418	mozrunner::runner	INFO	Running command: "C:\\P1653913518449	mozrunner::runner	INFO	Running command: "C:\\P1653913518479	mozrunner::runner	INFO	Running command: "C:\\Program Files\\Mozilla Firefox\\firefox.exe" "--marionette" "-1653913518752	Marionette	INFO	Marionette enabled
console.warn: SearchSettings: "get: No settings file exists, new profile?" (new NotFoundError("Could not open the file at C:\\Users\\Xxmoz\\AppData\\Local\\Temp\\rust_mozprofilef6QA01\\search.json.mozlz4", (void 0)))
DevTools listening on ws://localhost:50707/devtools/browser/DevTools listening on ws://localhost:51653913520262	Marionette	INFO	Listening on port 50724
1653913520489	RemoteAgent	WARN	TLS certificate errors will b1653913520515	RemoteAgent	WAconsole.warn: LoginRecipes: "getRecipes: falling back to a sconsole.warn: LoginRecipes: "getRecipes: falling back to a synchronous message for:" "https://alternasec.formstack.com"
console.warn: LoginRecipes: "getRecipes: falling back to a synchronous message for:" "https://alternasec.formstack.com"
console.warn: LoginRecipes: "getRecipes: falling back to a synchronous message for:" "https://alternasec.formstack.com"
1653913565220	Marionette	INFO	Stopped listening on port 50727
console.warn: TopSitesFeed: Failed to fetch data from Contile server: NetworkError when attempting to fetch resource.
le server: NetworkError when attempting to fetch resource.
[Parent 11476, IPC I/O Parent] WARNING: file /builds/worker/checkouts/gecko/ipc/chromium/src/base/process_util_win.cc:167
1653942930279	geckodriver	INFO	Listening on 127.0.0.1:53780
1653942933361	mozrunner::runner	INFO	Running command: "C:\\Program Files\\Mozilla Firefox\\firefox.exe" "--marionette" "--remote-debugging-port" "53779" "-no-remote" "-profile" "C:\\Users\\Xxmoz\\AppData\\Local\\Temp\\rust_mozprofileFRzJ8M"
1653942933700	Marionette	INFO	Marionette enabled
1653942940627	geckodriver	INFO	Listening on 127.0.0.1:53802
1653942943719	mozrunner::runner	INFO	Running command: "C:\\Program Files\\Mozilla Firefox\\firefox.exe" "--marionette" "--remote-debugging-port" "53803" "-no-remote" "-profile" "C:\\Users\\Xxmoz\\AppData\\Local\\Temp\\rust_mozprofileRYROqP"
1653942944006	Marionette	INFO	Marionette enabled
console.warn: SearchSettings: "get: No settings file exists, new profile?" (new NotFoundError("Could not open the file at C:\\Users\\Xxmoz\\AppData\\Local\\Temp\\rust_mozprofileRYROqP\\search.json.mozlz4", (void 0)))
DevTools listening on ws://localhost:53803/devtools/browser/86dcddf8-1043-4000-8e51-e19d74164adb
1653942945429	Marionette	INFO	Listening on port 53808
1653942945825	Marionette	INFO	Stopped listening on port 53808
1653942945860	RemoteAgent	WARN	TLS certificate errors will be ignored for this session
1653991335117	geckodriver	INFO	Listening on 127.0.0.1:52316
1653991338207	mozrunner::runner	INFO	Running command: "C:\\Program Files\\Mozilla Firefox\\firefox.exe" "--marionette" "--remote-debugging-port" "52315" "-no-remote" "-profile" "C:\\Users\\Xxmoz\\AppData\\Local\\Temp\\rust_mozprofilefZPJtc"
1653991338633	Marionette	INFO	Marionette enabled
console.warn: SearchSettings: "get: No settings file exists, new profile?" (new NotFoundError("Could not open the file at C:\\Users\\Xxmoz\\AppData\\Local\\Temp\\rust_mozprofileJKAGHB\\search.json.mozlz4", (void 0)))
DevTools listening on ws://localhost:52313/devtools/browser/efa70dec-df59-44e2-862f-68eb73d55ec7
1653991340304	Marionette	INFO	Listening on port 52332
1653991340409	RemoteAgent	WARN	TLS certificate errors will be ignored for this session
console.warn: LoginRecipes: "getRecipes: falling back to a synchronous message for:" "https://alternasec.formstack.com"
console.warn: LoginRecipes: "getRecipes: falling back to a synchronous message for:" "https://alternasec.formstack.com"
console.warn: LoginRecipes: "getRecipes: falling back to a synchronous message for:" "https://alternasec.formstack.com"
1653991412942	Marionette	INFO	Stopped listening on port 52332
console.warn: TopSitesFeed: Failed to fetch data from Contile server: NetworkError when attempting to fetch resource.

###!!! [Parent][PGPUParent] Error: RunMessage(msgname=PGPU::Msg_ShutdownVR) Channel closing: too late to send/recv, messages will be lost

JavaScript error: resource://gre/modules/CrashManager.jsm, line 898: AbortError: IOUtils: Shutting down and refusing additional I/O tasks
1654244555600	geckodriver	INFO	Listening on 127.0.0.1:59186
1654244558688	mozrunner::runner	INFO	Running command: "C:\\Program Files\\Mozilla Firefox\\firefox.exe" "--marionette" "--remote-debugging-port" "59191" "-no-remote" "-profile" "C:\\Users\\Xxmoz\\AppData\\Local\\Temp\\rust_mozprofiletQBEXt"
1654244559010	Marionette	INFO	Marionette enabled
WebDriver BiDi listening on ws://localhost:59189
console.warn: SearchSettings: "get: No settings file exists, new profile?" (new NotFoundError("Could not open the file at C:\\Users\\Xxmoz\\AppData\\Local\\Temp\\rust_mozprofile32NOCk\\search.json.mozlz4", (void 0)))
1654244560644	Marionette	INFO	Listening on port 59206
DevTools listening on ws://localhost:59191/devtools/browser/9e9cfa79-f546-40ce-8744-c45caaa2b197
1654244560749	RemoteAgent	WARN	TLS certificate errors will be ignored for this session
1654244644050	Marionette	INFO	Stopped listening on port 59204
console.warn: TopSitesFeed: Failed to fetch data from Contile server: NetworkError when attempting to fetch resource.
JavaScript error: resource://services-settings/RemoteSettingsWorker.jsm, line 143: Error: Shutdown, aborting read-only worker requests.
sFeed: Failed to fetch data from Contile server: NetworkError when attempting to fetch resource.
1654244717380	geckodriver	INFO	Listening on 127.0.0.1:65118
1654244720461	mozrunner::runner	INFO	Running command: "C:\\P1654244720531	mozrunner::runner	INFO	Running command: "C:\\P1654244720540	mozrunner::runner	INFO	Running command: "C:\\Program Files\\Mozilla Firefox\\firefox.exe" "--marionette" "-1654244720804	Marionette	INFO	Marionette enabled
WebDriver 1654244720820	Marionette	INFO	Marionetteconsole.warn: SearchSettings: "get: No settings file exists, new profile?" (new NotFoundError("Could not open the file at C:\\Users\\Xxmoz\\AppData\\Local\\Temp\\rust_mozprofileYbSQR6\\search.json.mozlz4", (void 0)))
1654244722466	Marionette	INFO	Listening on port 65135
DevTools listening on ws://localhost:65119/devtools/browser/9b792fa3-77ed-48b8-ae92-4db2d0212b11
1654244722522	RemoteAgent	WARN	TLS certificate errors will b1654244722585	RemoteAgent	WA1654244765136	Marionette	INFO	Stopped listening on port 65135
console.warn: TopSitesFeed: Failed to fetch data from Contile server: NetworkError when attempting to fetch resource.

console.warn: TopSitesFeed: Failed to fetch data from Contile server: NetworkError when attempting to fetch resource.
1654244801247	geckodriver	INFO	Listening on 127.0.0.1:65390
1654244804323	mozrunner::runner	INFO	Running command: "C:\\P1654244804396	mozrunner::runner	INFO	Running command: "C:\\Program Files\\Mozilla Firefox\\firefox.exe" "--marionette" "--remote-debugging-port" "65398" "-no-remote" "-profile" "C:\1654244804652	Marionette	INFO	Marionette enabled
WebDriver 1654244804698	Marionette	INFO	Marionetteconsole.warn: SearchSettings: "get: No settings file exists,console.warn: SearchSettings: "get: No settings file exists, new profile?" (new NotFoundError("Could not open the file at C:\\Users\\Xxmoz\\AppData\\Local\\Te1654244806232	Marionette	INFO	Listening on port 65408
DevTools listening on ws://localhost:65391/devtools/browser/96ce93e6-5b52-40da-b6d9-31c1015f1dab
1654244806369	RemoteAgent	WARN	TLS certificate errors will b1654244806451	RemoteAgent	WAconsole.warn: LoginRecipes: "getRecipes: falling back to a synchronous message for:" "https://alternasec.formstack.com"
console.warn: LoginRecipes: "getRecipes: falling back to a synchronous message for:" "https://alternasec.formstack.com"
console.warn: LoginRecipes: "getRecipes: falling back to a synchronous message for:" "https://alternasec.formstack.com"
1654244850338	Marionette	INFO	Stopped listening on port 65408
console.warn: TopSitesFeed: Failed to fetch data from Contile server: NetworkError when attempting to fetch resource.
[Parent 3948, IPC I/O Parent] WARNING: file /builds/worker/checkouts/gecko/ipc/chromium/src/base/process_util_win.cc:167
ckouts/gecko/ipc/chromium/src/base/process_util_win.cc:167
[Parent 9668, IPC I/O Parent] WARNING: file /builds/worker/checkouts/gecko/ipc/chromium/src/base/process_util_win.cc:167
1654333278989	geckodriver	INFO	Listening on 127.0.0.1:64534
1654333282059	mozrunner::runner	INFO	Running command: "C:\\Program Files\\Mozilla Firefox\\firefox.exe" "--marionette" "--remote-debugging-port" "64533" "-no-remote" "-profile" "C:\\Users\\Xxmoz\\AppData\\Local\\Temp\\rust_mozprofilepZY6Lp"
1654333282521	Marionette	INFO	Marionette enabled
WebDriver BiDi listening on ws://localhost:64533
console.warn: SearchSettings: "get: No settings file exists, new profile?" (new NotFoundError("Could not open the file at C:\\Users\\Xxmoz\\AppData\\Local\\Temp\\rust_mozprofilepZY6Lp\\search.json.mozlz4", (void 0)))
1654333284529	Marionette	INFO	Listening on port 64550
DevTools listening on ws://localhost:64533/devtools/browser/857a61f1-2635-4c25-b09e-f09418ed0f72
1654333284737	RemoteAgent	WARN	TLS certificate errors will be ignored for this session
console.warn: LoginRecipes: "getRecipes: falling back to a synchronous message for:" "https://alternasec.formstack.com"
console.warn: LoginRecipes: "getRecipes: falling back to a synchronous message for:" "https://alternasec.formstack.com"
console.warn: LoginRecipes: "getRecipes: falling back to a synchronous message for:" "https://alternasec.formstack.com"
1654333305511	Marionette	INFO	Stopped listening on port 64547
console.warn: TopSitesFeed: Failed to fetch data from Contile server: NetworkError when attempting to fetch resource.

###!!! [Parent][PGPUParent] Error: RunMessage(msgname=PGPU::Msg_ShutdownVR) Channel closing: too late to send/recv, messages will be lost

1654409845335	geckodriver	INFO	Listening on 127.0.0.1:60073
1654409848419	mozrunner::runner	INFO	Running command: "C:\\Program Files\\Mozilla Firefox\\firefox.exe" "--marionette" "--remote-debugging-port" "60076" "-no-remote" "-profile" "C:\\Users\\Xxmoz\\AppData\\Local\\Temp\\rust_mozprofile9onwEL"
1654409848794	Marionette	INFO	Marionette enabled
WebDriver BiDi listening on ws://localhost:60076
console.warn: SearchSettings: "get: No settings file exists, new profile?" (new NotFoundError("Could not open the file at C:\\Users\\Xxmoz\\AppData\\Local\\Temp\\rust_mozprofile9onwEL\\search.json.mozlz4", (void 0)))
1654409850335	Marionette	INFO	Listening on port 60091
DevTools listening on ws://localhost:60074/devtools/browser/5bbee061-6798-4d2a-8802-4b6676ca402c
1654409850484	RemoteAgent	WARN	TLS certificate errors will be ignored for this session
console.warn: LoginRecipes: "getRecipes: falling back to a synchronous message for:" "https://alternasec.formstack.com"
console.warn: LoginRecipes: "getRecipes: falling back to a synchronous message for:" "https://alternasec.formstack.com"
console.warn: LoginRecipes: "getRecipes: falling back to a synchronous message for:" "https://alternasec.formstack.com"
1654409894441	Marionette	INFO	Stopped listening on port 60091
console.warn: TopSitesFeed: Failed to fetch data from Contile server: NetworkError when attempting to fetch resource.

###!!! [Parent][PGPUParent] Error: RunMessage(msgname=PGPU::Msg_ShutdownVR) Channel closing: too late to send/recv, messages will be lost

1654515931302	geckodriver	INFO	Listening on 127.0.0.1:54094
1654515934388	mozrunner::runner	INFO	Running command: "C:\\Program Files\\Mozilla Firefox\\firefox.exe" "--marionette" "--remote-debugging-port" "54098" "-no-remote" "-profile" "C:\\Users\\Xxmoz\\AppData\\Local\\Temp\\rust_mozprofilex6GTcs"
1654515934835	Marionette	INFO	Marionette enabled
WebDriver BiDi listening on ws://localhost:54098
console.warn: SearchSettings: "get: No settings file exists, new profile?" (new NotFoundError("Could not open the file at C:\\Users\\Xxmoz\\AppData\\Local\\Temp\\rust_mozprofileLQ9gWj\\search.json.mozlz4", (void 0)))
1654515936678	Marionette	INFO	Listening on port 54113
DevTools listening on ws://localhost:54096/devtools/browser/15af254c-c345-4c79-83c9-b28cf947fb16
1654515937074	RemoteAgent	WARN	TLS certificate errors will be ignored for this session
console.warn: LoginRecipes: "getRecipes: falling back to a synchronous message for:" "https://alternasec.formstack.com"
console.warn: LoginRecipes: "getRecipes: falling back to a synchronous message for:" "https://alternasec.formstack.com"
console.warn: LoginRecipes: "getRecipes: falling back to a synchronous message for:" "https://alternasec.formstack.com"
1654515975089	Marionette	INFO	Stopped listening on port 54112
console.warn: TopSitesFeed: Failed to fetch data from Contile server: NetworkError when attempting to fetch resource.

console.warn: LoginRecipes: "getRecipes: falling back to a synchronous message for:" "https://alternasec.formstack.com"
1654515966519	Marionette	INFO	Stopped listening on port 54111
console.warn: TopSitesFeed: Failed to fetch data from Contile server: NetworkError when attempting to fetch resource.
[Parent 13424, IPC I/O Parent] WARNING: file /builds/worker/checkouts/gecko/ipc/chromium/src/base/process_util_win.cc:167
1654588071920	geckodriver	INFO	Listening on 127.0.0.1:50388
1654588074996	mozrunner::runner	INFO	Running command: "C:\\Program Files\\Mozilla Firefox\\firefox.exe" "--marionette" "--remote-debugging-port" "50391" "-no-remote" "-profile" "C:\\Users\\Xxmoz\\AppData\\Local\\Temp\\rust_mozprofilec674YY"
1654588075371	Marionette	INFO	Marionette enabled
WebDriver BiDi listening on ws://localhost:50391
console.warn: SearchSettings: "get: No settings file exists, new profile?" (new NotFoundError("Could not open the file at C:\\Users\\Xxmoz\\AppData\\Local\\Temp\\rust_mozprofileBifBWR\\search.json.mozlz4", (void 0)))
1654588077043	Marionette	INFO	Listening on port 50405
DevTools listening on ws://localhost:50387/devtools/browser/9305c608-b680-4158-966c-49e5da0d6939
1654588077155	RemoteAgent	WARN	TLS certificate errors will be ignored for this session
console.error: Region.jsm: "Error fetching region" (new Error("TIMEOUT", "resource://gre/modules/Region.jsm", 767))
console.error: Region.jsm: "Failed to fetch region" (new Error("TIMEOUT", "resource://gre/modules/Region.jsm", 419))
console.warn: LoginRecipes: "getRecipes: falling back to a synchronous message for:" "https://alternasec.formstack.com"
console.warn: LoginRecipes: "getRecipes: falling back to a synchronous message for:" "https://alternasec.formstack.com"
console.warn: LoginRecipes: "getRecipes: falling back to a synchronous message for:" "https://alternasec.formstack.com"
1654588174150	Marionette	INFO	Stopped listening on port 50407
console.warn: TopSitesFeed: Failed to fetch data from Contile server: NetworkError when attempting to fetch resource.
1654694559190	geckodriver	INFO	Listening on 127.0.0.1:49718
1654694562246	mozrunner::runner	INFO	Running command: "C:\\Program Files\\Mozilla Firefox\\firefox.exe" "--marionette" "--remote-debugging-port" "49721" "-no-remote" "-profile" "C:\\Users\\Xxmoz\\AppData\\Local\\Temp\\rust_mozprofilerBJpUL"
1654694562680	Marionette	INFO	Marionette enabled
WebDriver BiDi listening on ws://localhost:49721
console.warn: SearchSettings: "get: No settings file exists, new profile?" (new NotFoundError("Could not open the file at C:\\Users\\Xxmoz\\AppData\\Local\\Temp\\rust_mozprofiledNEXjw\\search.json.mozlz4", (void 0)))
1654694564375	Marionette	INFO	Listening on port 49746
1654694564407	RemoteAgent	WARN	TLS certificate errors will be ignored for this session
DevTools listening on ws://localhost:49721/devtools/browser/fddfff6c-aef6-486d-92af-f90a8960fa06
console.warn: LoginRecipes: "getRecipes: falling back to a synchronous message for:" "https://alternasec.formstack.com"
console.warn: LoginRecipes: "getRecipes: falling back to a synchronous message for:" "https://alternasec.formstack.com"
console.warn: LoginRecipes: "getRecipes: falling back to a synchronous message for:" "https://alternasec.formstack.com"
1654694614045	Marionette	INFO	Stopped listening on port 49746
console.warn: TopSitesFeed: Failed to fetch data from Contile server: NetworkError when attempting to fetch resource.
JavaScript error: resource://services-settings/Utils.jsm, line 153: TypeError: NetworkError: Network request failed
[Parent 18424, IPC I/O Parent] WARNING: file /builds/worker/checkouts/gecko/ipc/chromium/src/base/process_util_win.cc:167
 data from Contile server: NetworkError when attempting to fetch resource.
JavaScript error: resource://services-settings/Utils.jsm, line 153: TypeError: NetworkError: Network request failed
1654894966568	geckodriver	INFO	Listening on 127.0.0.1:49739
1654894969683	mozrunner::runner	INFO	Running command: "C:\\Program Files\\Mozilla Firefox\\firefox.exe" "--marionette" "--remote-debugging-port" "49744" "-no-remote" "-profile" "C:\\Users\\Xxmoz\\AppData\\Local\\Temp\\rust_mozprofile2wD1wH"
1654894970063	Marionette	INFO	Marionette enabled
WebDriver BiDi listening on ws://localhost:49742
console.error: Region.jsm: "Error fetching region" (new TypeError("NetworkError when attempting to fetch resource.", ""))
console.error: Region.jsm: "Failed to fetch region" (new Error("NO_RESULT", "resource://gre/modules/Region.jsm", 419))
console.warn: SearchSettings: "get: No settings file exists, new profile?" (new NotFoundError("Could not open the file at C:\\Users\\Xxmoz\\AppData\\Local\\Temp\\rust_mozprofile1WeHWm\\search.json.mozlz4", (void 0)))
1654894971402	Marionette	INFO	Listening on port 49759
DevTools listening on ws://localhost:49744/devtools/browser/bb03c2f3-54f9-40df-a745-23cd18c0ab9e
1654894971793	RemoteAgent	WARN	TLS certificate errors will be ignored for this session
1654894996760	Marionette	INFO	Stopped listening on port 49758
console.warn: TopSitesFeed: Failed to fetch data from Contile server: NetworkError when attempting to fetch resource.
[Parent 5348, IPC I/O Parent] WARNING: file /builds/worker/checkouts/gecko/ipc/chromium/src/base/process_util_win.cc:167
ages will be lost

1654895011422	geckodriver	INFO	Listening on 127.0.0.1:49838
1654895014488	mozrunner::runner	INFO	Running command: "C:\\P1654895014506	mozrunner::runner	INFO	Running command: "C:\\Program Files\\Mozilla Firefox\\firefox.exe" "--marionette" "--remote-debugging-port" "49843" "-no-remote" "-profile" "C:\1654895014781	Marionette	INFO	Marionette enabled
WebDriver BiDi listening on ws://localhost:49837
console.warn: SearchSettings: "get: No settings file exists, new profile?" (new NotFoundError("Could not open the file at C:\\Users\\Xxmoz\\AppData\\Local\\Temp\\rust_mozprofile9RBvHo\\search.json.mozlz4", (void 0)))
1654895016038	Marionette	INFO	Listening on port 49861
DevTools listening on ws://localhost:49839/devtools/browser/060e5335-08ff-4938-a01d-05c359c29824
1654895016553	RemoteAgent	WARN	TLS certificate errors will be ignored for this session
console.error: Region.jsm: "Error fetching region" (new Error("TIMEOUT", "resource://gre/modules/Region.jsm", 767))
console.error: Region.jsm: "Failed to fetch region" (new Errconsole.error: Region.jsm: "Failed to fetch region" (new
console.warn: LoginRecipes: "getRecipes: falling back to a synchronous message for:" "https://alternasec.formstack.com"
console.warn: LoginRecipes: "getRecipes: falling back to a synchronous message for:" "https://alternasec.formstack.com"
console.warn: LoginRecipes: "getRecipes: falling back to a synchronous message for:" "https://alternasec.formstack.com"
1654895370627	Marionette	INFO	Stopped listening on port 49861
console.warn: TopSitesFeed: Failed to fetch data from Contile server: NetworkError when attempting to fetch resource.
le server: NetworkError when attempting to fetch resource.
